[2019-08-28 07:19:18,613][Dummy-1:123145435115520][task_id:django.db.backends][utils.py:91][DEBUG][(0.010) 
            SELECT name, type FROM sqlite_master
            WHERE type in ('table', 'view') AND NOT name='sqlite_sequence'
            ORDER BY name; args=None]
[2019-08-28 07:19:18,618][Dummy-1:123145435115520][task_id:django.db.backends][utils.py:91][DEBUG][(0.001) SELECT "django_migrations"."app", "django_migrations"."name" FROM "django_migrations"; args=()]
[2019-08-28 07:19:41,304][Thread-2:123145440370688][task_id:django.db.backends][utils.py:91][DEBUG][(0.002) SELECT "auth_user"."id", "auth_user"."password", "auth_user"."last_login", "auth_user"."is_superuser", "auth_user"."username", "auth_user"."first_name", "auth_user"."last_name", "auth_user"."email", "auth_user"."is_staff", "auth_user"."is_active", "auth_user"."date_joined" FROM "auth_user"; args=()]
[2019-08-28 07:22:01,025][Dummy-1:123145367547904][task_id:django.db.backends][utils.py:91][DEBUG][(0.002) 
            SELECT name, type FROM sqlite_master
            WHERE type in ('table', 'view') AND NOT name='sqlite_sequence'
            ORDER BY name; args=None]
[2019-08-28 07:22:01,030][Dummy-1:123145367547904][task_id:django.db.backends][utils.py:91][DEBUG][(0.001) SELECT "django_migrations"."app", "django_migrations"."name" FROM "django_migrations"; args=()]
[2019-08-28 07:22:01,894][Thread-2:123145372803072][task_id:django.db.backends][utils.py:91][DEBUG][(0.003) SELECT COUNT(*) AS "__count" FROM "auth_user"; args=()]
[2019-08-28 07:22:01,907][Thread-2:123145372803072][task_id:django.db.backends][utils.py:91][DEBUG][(0.001) SELECT "auth_user"."id", "auth_user"."password", "auth_user"."last_login", "auth_user"."is_superuser", "auth_user"."username", "auth_user"."first_name", "auth_user"."last_name", "auth_user"."email", "auth_user"."is_staff", "auth_user"."is_active", "auth_user"."date_joined" FROM "auth_user" LIMIT 10; args=()]
[2019-08-28 07:22:07,333][Thread-3:123145378058240][task_id:django.db.backends][utils.py:91][DEBUG][(0.001) SELECT COUNT(*) AS "__count" FROM "auth_user"; args=()]
[2019-08-28 07:22:07,340][Thread-3:123145378058240][task_id:django.db.backends][utils.py:91][DEBUG][(0.001) SELECT "auth_user"."id", "auth_user"."password", "auth_user"."last_login", "auth_user"."is_superuser", "auth_user"."username", "auth_user"."first_name", "auth_user"."last_name", "auth_user"."email", "auth_user"."is_staff", "auth_user"."is_active", "auth_user"."date_joined" FROM "auth_user" LIMIT 10; args=()]
[2019-08-28 07:22:10,758][Thread-4:123145372803072][task_id:django.db.backends][utils.py:91][DEBUG][(0.001) SELECT COUNT(*) AS "__count" FROM "auth_user"; args=()]
[2019-08-28 07:22:10,762][Thread-4:123145372803072][task_id:django.db.backends][utils.py:91][DEBUG][(0.000) SELECT "auth_user"."id", "auth_user"."password", "auth_user"."last_login", "auth_user"."is_superuser", "auth_user"."username", "auth_user"."first_name", "auth_user"."last_name", "auth_user"."email", "auth_user"."is_staff", "auth_user"."is_active", "auth_user"."date_joined" FROM "auth_user" LIMIT 10; args=()]
[2019-08-28 07:25:10,666][Dummy-1:123145363755008][task_id:django.db.backends][utils.py:91][DEBUG][(0.001) 
            SELECT name, type FROM sqlite_master
            WHERE type in ('table', 'view') AND NOT name='sqlite_sequence'
            ORDER BY name; args=None]
[2019-08-28 07:25:10,670][Dummy-1:123145363755008][task_id:django.db.backends][utils.py:91][DEBUG][(0.000) SELECT "django_migrations"."app", "django_migrations"."name" FROM "django_migrations"; args=()]
[2019-08-28 07:27:25,977][Thread-2:123145369010176][task_id:django.db.backends][utils.py:91][DEBUG][(0.001) SELECT COUNT(*) AS "__count" FROM "auth_user"; args=()]
[2019-08-28 07:27:25,991][Thread-2:123145369010176][task_id:django.db.backends][utils.py:91][DEBUG][(0.001) SELECT "auth_user"."id", "auth_user"."password", "auth_user"."last_login", "auth_user"."is_superuser", "auth_user"."username", "auth_user"."first_name", "auth_user"."last_name", "auth_user"."email", "auth_user"."is_staff", "auth_user"."is_active", "auth_user"."date_joined" FROM "auth_user" LIMIT 10 OFFSET 30; args=()]
[2019-08-28 07:27:58,231][Dummy-1:123145423945728][task_id:django.db.backends][utils.py:91][DEBUG][(0.002) 
            SELECT name, type FROM sqlite_master
            WHERE type in ('table', 'view') AND NOT name='sqlite_sequence'
            ORDER BY name; args=None]
[2019-08-28 07:27:58,235][Dummy-1:123145423945728][task_id:django.db.backends][utils.py:91][DEBUG][(0.000) SELECT "django_migrations"."app", "django_migrations"."name" FROM "django_migrations"; args=()]
[2019-08-28 07:49:48,167][Thread-2:123145429200896][task_id:django.db.backends][utils.py:91][DEBUG][(0.001) SELECT COUNT(*) AS "__count" FROM "auth_user"; args=()]
[2019-08-28 07:49:48,195][Thread-2:123145429200896][task_id:django.db.backends][utils.py:91][DEBUG][(0.002) SELECT "auth_user"."id", "auth_user"."password", "auth_user"."last_login", "auth_user"."is_superuser", "auth_user"."username", "auth_user"."first_name", "auth_user"."last_name", "auth_user"."email", "auth_user"."is_staff", "auth_user"."is_active", "auth_user"."date_joined" FROM "auth_user" LIMIT 10 OFFSET 30; args=()]
[2019-08-28 07:49:48,211][Thread-2:123145429200896][task_id:django.request][exception.py:135][ERROR][Internal Server Error: /dashboard/hello]
Traceback (most recent call last):
  File "/Users/apple/.virtualenvs/devopsStudy/lib/python3.6/site-packages/django/core/handlers/exception.py", line 41, in inner
    response = get_response(request)
  File "/Users/apple/.virtualenvs/devopsStudy/lib/python3.6/site-packages/django/core/handlers/base.py", line 217, in _get_response
    response = self.process_exception_by_middleware(e, request)
  File "/Users/apple/.virtualenvs/devopsStudy/lib/python3.6/site-packages/django/core/handlers/base.py", line 215, in _get_response
    response = response.render()
  File "/Users/apple/.virtualenvs/devopsStudy/lib/python3.6/site-packages/django/template/response.py", line 107, in render
    self.content = self.rendered_content
  File "/Users/apple/.virtualenvs/devopsStudy/lib/python3.6/site-packages/django/template/response.py", line 84, in rendered_content
    content = template.render(context, self._request)
  File "/Users/apple/.virtualenvs/devopsStudy/lib/python3.6/site-packages/django/template/backends/django.py", line 66, in render
    return self.template.render(context)
  File "/Users/apple/.virtualenvs/devopsStudy/lib/python3.6/site-packages/django/template/base.py", line 207, in render
    return self._render(context)
  File "/Users/apple/.virtualenvs/devopsStudy/lib/python3.6/site-packages/django/template/base.py", line 199, in _render
    return self.nodelist.render(context)
  File "/Users/apple/.virtualenvs/devopsStudy/lib/python3.6/site-packages/django/template/base.py", line 990, in render
    bit = node.render_annotated(context)
  File "/Users/apple/.virtualenvs/devopsStudy/lib/python3.6/site-packages/django/template/base.py", line 957, in render_annotated
    return self.render(context)
  File "/Users/apple/.virtualenvs/devopsStudy/lib/python3.6/site-packages/django/template/defaulttags.py", line 216, in render
    nodelist.append(node.render_annotated(context))
  File "/Users/apple/.virtualenvs/devopsStudy/lib/python3.6/site-packages/django/template/base.py", line 957, in render_annotated
    return self.render(context)
  File "/Users/apple/.virtualenvs/devopsStudy/lib/python3.6/site-packages/django/template/defaulttags.py", line 458, in render
    url = reverse(view_name, args=args, kwargs=kwargs, current_app=current_app)
  File "/Users/apple/.virtualenvs/devopsStudy/lib/python3.6/site-packages/django/urls/base.py", line 91, in reverse
    return force_text(iri_to_uri(resolver._reverse_with_prefix(view, prefix, *args, **kwargs)))
  File "/Users/apple/.virtualenvs/devopsStudy/lib/python3.6/site-packages/django/urls/resolvers.py", line 497, in _reverse_with_prefix
    raise NoReverseMatch(msg)
django.urls.exceptions.NoReverseMatch: Reverse for '' not found. '' is not a valid view function or pattern name.
[2019-08-28 07:49:50,782][Dummy-1:123145438388224][task_id:django.db.backends][utils.py:91][DEBUG][(0.001) 
            SELECT name, type FROM sqlite_master
            WHERE type in ('table', 'view') AND NOT name='sqlite_sequence'
            ORDER BY name; args=None]
[2019-08-28 07:49:50,785][Dummy-1:123145438388224][task_id:django.db.backends][utils.py:91][DEBUG][(0.000) SELECT "django_migrations"."app", "django_migrations"."name" FROM "django_migrations"; args=()]
[2019-08-28 07:49:53,210][Thread-2:123145443643392][task_id:django.db.backends][utils.py:91][DEBUG][(0.001) SELECT COUNT(*) AS "__count" FROM "auth_user"; args=()]
[2019-08-28 07:49:53,214][Thread-2:123145443643392][task_id:django.db.backends][utils.py:91][DEBUG][(0.000) SELECT "auth_user"."id", "auth_user"."password", "auth_user"."last_login", "auth_user"."is_superuser", "auth_user"."username", "auth_user"."first_name", "auth_user"."last_name", "auth_user"."email", "auth_user"."is_staff", "auth_user"."is_active", "auth_user"."date_joined" FROM "auth_user" LIMIT 10 OFFSET 30; args=()]
[2019-08-28 07:49:53,220][Thread-2:123145443643392][task_id:django.request][exception.py:135][ERROR][Internal Server Error: /dashboard/hello]
Traceback (most recent call last):
  File "/Users/apple/.virtualenvs/devopsStudy/lib/python3.6/site-packages/django/core/handlers/exception.py", line 41, in inner
    response = get_response(request)
  File "/Users/apple/.virtualenvs/devopsStudy/lib/python3.6/site-packages/django/core/handlers/base.py", line 217, in _get_response
    response = self.process_exception_by_middleware(e, request)
  File "/Users/apple/.virtualenvs/devopsStudy/lib/python3.6/site-packages/django/core/handlers/base.py", line 215, in _get_response
    response = response.render()
  File "/Users/apple/.virtualenvs/devopsStudy/lib/python3.6/site-packages/django/template/response.py", line 107, in render
    self.content = self.rendered_content
  File "/Users/apple/.virtualenvs/devopsStudy/lib/python3.6/site-packages/django/template/response.py", line 84, in rendered_content
    content = template.render(context, self._request)
  File "/Users/apple/.virtualenvs/devopsStudy/lib/python3.6/site-packages/django/template/backends/django.py", line 66, in render
    return self.template.render(context)
  File "/Users/apple/.virtualenvs/devopsStudy/lib/python3.6/site-packages/django/template/base.py", line 207, in render
    return self._render(context)
  File "/Users/apple/.virtualenvs/devopsStudy/lib/python3.6/site-packages/django/template/base.py", line 199, in _render
    return self.nodelist.render(context)
  File "/Users/apple/.virtualenvs/devopsStudy/lib/python3.6/site-packages/django/template/base.py", line 990, in render
    bit = node.render_annotated(context)
  File "/Users/apple/.virtualenvs/devopsStudy/lib/python3.6/site-packages/django/template/base.py", line 957, in render_annotated
    return self.render(context)
  File "/Users/apple/.virtualenvs/devopsStudy/lib/python3.6/site-packages/django/template/defaulttags.py", line 216, in render
    nodelist.append(node.render_annotated(context))
  File "/Users/apple/.virtualenvs/devopsStudy/lib/python3.6/site-packages/django/template/base.py", line 957, in render_annotated
    return self.render(context)
  File "/Users/apple/.virtualenvs/devopsStudy/lib/python3.6/site-packages/django/template/defaulttags.py", line 458, in render
    url = reverse(view_name, args=args, kwargs=kwargs, current_app=current_app)
  File "/Users/apple/.virtualenvs/devopsStudy/lib/python3.6/site-packages/django/urls/base.py", line 91, in reverse
    return force_text(iri_to_uri(resolver._reverse_with_prefix(view, prefix, *args, **kwargs)))
  File "/Users/apple/.virtualenvs/devopsStudy/lib/python3.6/site-packages/django/urls/resolvers.py", line 497, in _reverse_with_prefix
    raise NoReverseMatch(msg)
django.urls.exceptions.NoReverseMatch: Reverse for '' not found. '' is not a valid view function or pattern name.
[2019-08-28 07:50:14,144][Dummy-1:123145312108544][task_id:django.db.backends][utils.py:91][DEBUG][(0.001) 
            SELECT name, type FROM sqlite_master
            WHERE type in ('table', 'view') AND NOT name='sqlite_sequence'
            ORDER BY name; args=None]
[2019-08-28 07:50:14,150][Dummy-1:123145312108544][task_id:django.db.backends][utils.py:91][DEBUG][(0.000) SELECT "django_migrations"."app", "django_migrations"."name" FROM "django_migrations"; args=()]
[2019-08-28 07:50:14,627][Thread-2:123145317363712][task_id:django.db.backends][utils.py:91][DEBUG][(0.001) SELECT COUNT(*) AS "__count" FROM "auth_user"; args=()]
[2019-08-28 07:50:14,639][Thread-2:123145317363712][task_id:django.db.backends][utils.py:91][DEBUG][(0.001) SELECT "auth_user"."id", "auth_user"."password", "auth_user"."last_login", "auth_user"."is_superuser", "auth_user"."username", "auth_user"."first_name", "auth_user"."last_name", "auth_user"."email", "auth_user"."is_staff", "auth_user"."is_active", "auth_user"."date_joined" FROM "auth_user" LIMIT 10 OFFSET 30; args=()]
[2019-08-28 07:50:16,576][Thread-3:123145322618880][task_id:django.db.backends][utils.py:91][DEBUG][(0.001) SELECT COUNT(*) AS "__count" FROM "auth_user"; args=()]
[2019-08-28 07:50:16,579][Thread-3:123145322618880][task_id:django.db.backends][utils.py:91][DEBUG][(0.000) SELECT "auth_user"."id", "auth_user"."password", "auth_user"."last_login", "auth_user"."is_superuser", "auth_user"."username", "auth_user"."first_name", "auth_user"."last_name", "auth_user"."email", "auth_user"."is_staff", "auth_user"."is_active", "auth_user"."date_joined" FROM "auth_user" LIMIT 10 OFFSET 120; args=()]
[2019-08-28 07:50:18,563][Thread-4:123145317363712][task_id:django.db.backends][utils.py:91][DEBUG][(0.001) SELECT COUNT(*) AS "__count" FROM "auth_user"; args=()]
[2019-08-28 07:50:18,565][Thread-4:123145317363712][task_id:django.db.backends][utils.py:91][DEBUG][(0.000) SELECT "auth_user"."id", "auth_user"."password", "auth_user"."last_login", "auth_user"."is_superuser", "auth_user"."username", "auth_user"."first_name", "auth_user"."last_name", "auth_user"."email", "auth_user"."is_staff", "auth_user"."is_active", "auth_user"."date_joined" FROM "auth_user" LIMIT 10 OFFSET 480; args=()]
[2019-08-28 07:50:21,953][Thread-5:123145322618880][task_id:django.db.backends][utils.py:91][DEBUG][(0.000) SELECT COUNT(*) AS "__count" FROM "auth_user"; args=()]
[2019-08-28 07:50:21,957][Thread-5:123145322618880][task_id:django.db.backends][utils.py:91][DEBUG][(0.002) SELECT "auth_user"."id", "auth_user"."password", "auth_user"."last_login", "auth_user"."is_superuser", "auth_user"."username", "auth_user"."first_name", "auth_user"."last_name", "auth_user"."email", "auth_user"."is_staff", "auth_user"."is_active", "auth_user"."date_joined" FROM "auth_user" LIMIT 10 OFFSET 880; args=()]
[2019-08-28 07:50:39,520][Dummy-1:123145341788160][task_id:django.db.backends][utils.py:91][DEBUG][(0.001) 
            SELECT name, type FROM sqlite_master
            WHERE type in ('table', 'view') AND NOT name='sqlite_sequence'
            ORDER BY name; args=None]
[2019-08-28 07:50:39,523][Dummy-1:123145341788160][task_id:django.db.backends][utils.py:91][DEBUG][(0.000) SELECT "django_migrations"."app", "django_migrations"."name" FROM "django_migrations"; args=()]
[2019-08-28 07:50:39,945][Thread-2:123145347043328][task_id:django.db.backends][utils.py:91][DEBUG][(0.001) SELECT COUNT(*) AS "__count" FROM "auth_user"; args=()]
[2019-08-28 07:50:39,951][Thread-2:123145347043328][task_id:django.request][base.py:152][WARNING][Not Found: /dashboard/hello]
[2019-08-28 07:50:42,698][Thread-3:123145352298496][task_id:django.db.backends][utils.py:91][DEBUG][(0.001) SELECT COUNT(*) AS "__count" FROM "auth_user"; args=()]
[2019-08-28 07:50:42,728][Thread-3:123145352298496][task_id:django.db.backends][utils.py:91][DEBUG][(0.000) SELECT "auth_user"."id", "auth_user"."password", "auth_user"."last_login", "auth_user"."is_superuser", "auth_user"."username", "auth_user"."first_name", "auth_user"."last_name", "auth_user"."email", "auth_user"."is_staff", "auth_user"."is_active", "auth_user"."date_joined" FROM "auth_user" LIMIT 30; args=()]
[2019-08-28 07:50:46,511][Thread-4:123145347043328][task_id:django.db.backends][utils.py:91][DEBUG][(0.001) SELECT COUNT(*) AS "__count" FROM "auth_user"; args=()]
[2019-08-28 07:50:46,514][Thread-4:123145347043328][task_id:django.db.backends][utils.py:91][DEBUG][(0.001) SELECT "auth_user"."id", "auth_user"."password", "auth_user"."last_login", "auth_user"."is_superuser", "auth_user"."username", "auth_user"."first_name", "auth_user"."last_name", "auth_user"."email", "auth_user"."is_staff", "auth_user"."is_active", "auth_user"."date_joined" FROM "auth_user" LIMIT 30 OFFSET 420; args=()]
[2019-08-28 07:54:19,549][Thread-6:123145347043328][task_id:django.db.backends][utils.py:91][DEBUG][(0.001) SELECT COUNT(*) AS "__count" FROM "auth_user"; args=()]
[2019-08-28 07:54:19,551][Thread-6:123145347043328][task_id:django.db.backends][utils.py:91][DEBUG][(0.000) SELECT "auth_user"."id", "auth_user"."password", "auth_user"."last_login", "auth_user"."is_superuser", "auth_user"."username", "auth_user"."first_name", "auth_user"."last_name", "auth_user"."email", "auth_user"."is_staff", "auth_user"."is_active", "auth_user"."date_joined" FROM "auth_user" LIMIT 30 OFFSET 420; args=()]
[2019-08-28 07:54:55,551][Dummy-1:123145514975232][task_id:django.db.backends][utils.py:91][DEBUG][(0.001) 
            SELECT name, type FROM sqlite_master
            WHERE type in ('table', 'view') AND NOT name='sqlite_sequence'
            ORDER BY name; args=None]
[2019-08-28 07:54:55,556][Dummy-1:123145514975232][task_id:django.db.backends][utils.py:91][DEBUG][(0.000) SELECT "django_migrations"."app", "django_migrations"."name" FROM "django_migrations"; args=()]
[2019-08-28 07:54:58,464][Thread-2:123145520230400][task_id:django.db.backends][utils.py:91][DEBUG][(0.004) SELECT COUNT(*) AS "__count" FROM "auth_user"; args=()]
[2019-08-28 07:54:58,478][Thread-2:123145520230400][task_id:django.db.backends][utils.py:91][DEBUG][(0.000) SELECT "auth_user"."id", "auth_user"."password", "auth_user"."last_login", "auth_user"."is_superuser", "auth_user"."username", "auth_user"."first_name", "auth_user"."last_name", "auth_user"."email", "auth_user"."is_staff", "auth_user"."is_active", "auth_user"."date_joined" FROM "auth_user" LIMIT 30 OFFSET 420; args=()]
[2019-08-28 07:54:58,852][Thread-3:123145525485568][task_id:django.db.backends][utils.py:91][DEBUG][(0.001) SELECT COUNT(*) AS "__count" FROM "auth_user"; args=()]
[2019-08-28 07:54:58,855][Thread-3:123145525485568][task_id:django.db.backends][utils.py:91][DEBUG][(0.000) SELECT "auth_user"."id", "auth_user"."password", "auth_user"."last_login", "auth_user"."is_superuser", "auth_user"."username", "auth_user"."first_name", "auth_user"."last_name", "auth_user"."email", "auth_user"."is_staff", "auth_user"."is_active", "auth_user"."date_joined" FROM "auth_user" LIMIT 30 OFFSET 420; args=()]
[2019-08-28 07:54:59,026][Thread-4:123145520230400][task_id:django.db.backends][utils.py:91][DEBUG][(0.002) SELECT COUNT(*) AS "__count" FROM "auth_user"; args=()]
[2019-08-28 07:54:59,030][Thread-4:123145520230400][task_id:django.db.backends][utils.py:91][DEBUG][(0.000) SELECT "auth_user"."id", "auth_user"."password", "auth_user"."last_login", "auth_user"."is_superuser", "auth_user"."username", "auth_user"."first_name", "auth_user"."last_name", "auth_user"."email", "auth_user"."is_staff", "auth_user"."is_active", "auth_user"."date_joined" FROM "auth_user" LIMIT 30 OFFSET 420; args=()]
[2019-08-28 07:55:02,639][Thread-5:123145525485568][task_id:django.db.backends][utils.py:91][DEBUG][(0.001) SELECT COUNT(*) AS "__count" FROM "auth_user"; args=()]
[2019-08-28 07:55:02,653][Thread-5:123145525485568][task_id:django.db.backends][utils.py:91][DEBUG][(0.000) SELECT "auth_user"."id", "auth_user"."password", "auth_user"."last_login", "auth_user"."is_superuser", "auth_user"."username", "auth_user"."first_name", "auth_user"."last_name", "auth_user"."email", "auth_user"."is_staff", "auth_user"."is_active", "auth_user"."date_joined" FROM "auth_user" LIMIT 30 OFFSET 420; args=()]
[2019-08-28 07:56:26,521][Dummy-1:123145361031168][task_id:django.db.backends][utils.py:91][DEBUG][(0.001) 
            SELECT name, type FROM sqlite_master
            WHERE type in ('table', 'view') AND NOT name='sqlite_sequence'
            ORDER BY name; args=None]
[2019-08-28 07:56:26,524][Dummy-1:123145361031168][task_id:django.db.backends][utils.py:91][DEBUG][(0.000) SELECT "django_migrations"."app", "django_migrations"."name" FROM "django_migrations"; args=()]
[2019-08-28 07:57:55,160][Thread-2:123145366286336][task_id:django.db.backends][utils.py:91][DEBUG][(0.001) SELECT COUNT(*) AS "__count" FROM "auth_user"; args=()]
[2019-08-28 07:57:55,171][Thread-2:123145366286336][task_id:django.db.backends][utils.py:91][DEBUG][(0.000) SELECT "auth_user"."id", "auth_user"."password", "auth_user"."last_login", "auth_user"."is_superuser", "auth_user"."username", "auth_user"."first_name", "auth_user"."last_name", "auth_user"."email", "auth_user"."is_staff", "auth_user"."is_active", "auth_user"."date_joined" FROM "auth_user" LIMIT 30 OFFSET 420; args=()]
[2019-08-28 07:58:17,137][Thread-4:123145366286336][task_id:django.db.backends][utils.py:91][DEBUG][(0.001) SELECT COUNT(*) AS "__count" FROM "auth_user"; args=()]
[2019-08-28 07:58:17,141][Thread-4:123145366286336][task_id:django.db.backends][utils.py:91][DEBUG][(0.000) SELECT "auth_user"."id", "auth_user"."password", "auth_user"."last_login", "auth_user"."is_superuser", "auth_user"."username", "auth_user"."first_name", "auth_user"."last_name", "auth_user"."email", "auth_user"."is_staff", "auth_user"."is_active", "auth_user"."date_joined" FROM "auth_user" LIMIT 30; args=()]
[2019-08-28 07:58:24,312][Dummy-1:123145312837632][task_id:django.db.backends][utils.py:91][DEBUG][(0.001) 
            SELECT name, type FROM sqlite_master
            WHERE type in ('table', 'view') AND NOT name='sqlite_sequence'
            ORDER BY name; args=None]
[2019-08-28 07:58:24,316][Dummy-1:123145312837632][task_id:django.db.backends][utils.py:91][DEBUG][(0.000) SELECT "django_migrations"."app", "django_migrations"."name" FROM "django_migrations"; args=()]
[2019-08-28 07:58:31,833][Thread-2:123145318092800][task_id:django.db.backends][utils.py:91][DEBUG][(0.002) SELECT COUNT(*) AS "__count" FROM "auth_user"; args=()]
[2019-08-28 07:58:31,842][Thread-2:123145318092800][task_id:django.db.backends][utils.py:91][DEBUG][(0.000) SELECT "auth_user"."id", "auth_user"."password", "auth_user"."last_login", "auth_user"."is_superuser", "auth_user"."username", "auth_user"."first_name", "auth_user"."last_name", "auth_user"."email", "auth_user"."is_staff", "auth_user"."is_active", "auth_user"."date_joined" FROM "auth_user" LIMIT 30; args=()]
[2019-08-28 07:59:00,554][Dummy-1:123145318776832][task_id:django.db.backends][utils.py:91][DEBUG][(0.001) 
            SELECT name, type FROM sqlite_master
            WHERE type in ('table', 'view') AND NOT name='sqlite_sequence'
            ORDER BY name; args=None]
[2019-08-28 07:59:00,557][Dummy-1:123145318776832][task_id:django.db.backends][utils.py:91][DEBUG][(0.000) SELECT "django_migrations"."app", "django_migrations"."name" FROM "django_migrations"; args=()]
[2019-08-28 07:59:01,318][Thread-2:123145324032000][task_id:django.db.backends][utils.py:91][DEBUG][(0.001) SELECT COUNT(*) AS "__count" FROM "auth_user"; args=()]
[2019-08-28 07:59:01,330][Thread-2:123145324032000][task_id:django.db.backends][utils.py:91][DEBUG][(0.000) SELECT "auth_user"."id", "auth_user"."password", "auth_user"."last_login", "auth_user"."is_superuser", "auth_user"."username", "auth_user"."first_name", "auth_user"."last_name", "auth_user"."email", "auth_user"."is_staff", "auth_user"."is_active", "auth_user"."date_joined" FROM "auth_user" LIMIT 30; args=()]
[2019-08-28 07:59:01,900][Thread-3:123145329287168][task_id:django.db.backends][utils.py:91][DEBUG][(0.000) SELECT COUNT(*) AS "__count" FROM "auth_user"; args=()]
[2019-08-28 07:59:01,903][Thread-3:123145329287168][task_id:django.db.backends][utils.py:91][DEBUG][(0.000) SELECT "auth_user"."id", "auth_user"."password", "auth_user"."last_login", "auth_user"."is_superuser", "auth_user"."username", "auth_user"."first_name", "auth_user"."last_name", "auth_user"."email", "auth_user"."is_staff", "auth_user"."is_active", "auth_user"."date_joined" FROM "auth_user" LIMIT 30; args=()]
[2019-08-28 07:59:03,108][Thread-4:123145324032000][task_id:django.db.backends][utils.py:91][DEBUG][(0.001) SELECT COUNT(*) AS "__count" FROM "auth_user"; args=()]
[2019-08-28 07:59:03,112][Thread-4:123145324032000][task_id:django.db.backends][utils.py:91][DEBUG][(0.000) SELECT "auth_user"."id", "auth_user"."password", "auth_user"."last_login", "auth_user"."is_superuser", "auth_user"."username", "auth_user"."first_name", "auth_user"."last_name", "auth_user"."email", "auth_user"."is_staff", "auth_user"."is_active", "auth_user"."date_joined" FROM "auth_user" LIMIT 30; args=()]
[2019-08-28 07:59:03,484][Thread-5:123145329287168][task_id:django.db.backends][utils.py:91][DEBUG][(0.001) SELECT COUNT(*) AS "__count" FROM "auth_user"; args=()]
[2019-08-28 07:59:03,486][Thread-5:123145329287168][task_id:django.db.backends][utils.py:91][DEBUG][(0.000) SELECT "auth_user"."id", "auth_user"."password", "auth_user"."last_login", "auth_user"."is_superuser", "auth_user"."username", "auth_user"."first_name", "auth_user"."last_name", "auth_user"."email", "auth_user"."is_staff", "auth_user"."is_active", "auth_user"."date_joined" FROM "auth_user" LIMIT 30; args=()]
[2019-08-28 07:59:04,196][Thread-6:123145324032000][task_id:django.db.backends][utils.py:91][DEBUG][(0.000) SELECT COUNT(*) AS "__count" FROM "auth_user"; args=()]
[2019-08-28 07:59:04,198][Thread-6:123145324032000][task_id:django.db.backends][utils.py:91][DEBUG][(0.000) SELECT "auth_user"."id", "auth_user"."password", "auth_user"."last_login", "auth_user"."is_superuser", "auth_user"."username", "auth_user"."first_name", "auth_user"."last_name", "auth_user"."email", "auth_user"."is_staff", "auth_user"."is_active", "auth_user"."date_joined" FROM "auth_user" LIMIT 30; args=()]
[2019-08-28 07:59:04,890][Thread-7:123145329287168][task_id:django.db.backends][utils.py:91][DEBUG][(0.002) SELECT COUNT(*) AS "__count" FROM "auth_user"; args=()]
[2019-08-28 07:59:04,893][Thread-7:123145329287168][task_id:django.db.backends][utils.py:91][DEBUG][(0.000) SELECT "auth_user"."id", "auth_user"."password", "auth_user"."last_login", "auth_user"."is_superuser", "auth_user"."username", "auth_user"."first_name", "auth_user"."last_name", "auth_user"."email", "auth_user"."is_staff", "auth_user"."is_active", "auth_user"."date_joined" FROM "auth_user" LIMIT 30; args=()]
[2019-08-28 07:59:08,812][Thread-8:123145324032000][task_id:django.db.backends][utils.py:91][DEBUG][(0.000) SELECT COUNT(*) AS "__count" FROM "auth_user"; args=()]
[2019-08-28 07:59:08,814][Thread-8:123145324032000][task_id:django.db.backends][utils.py:91][DEBUG][(0.000) SELECT "auth_user"."id", "auth_user"."password", "auth_user"."last_login", "auth_user"."is_superuser", "auth_user"."username", "auth_user"."first_name", "auth_user"."last_name", "auth_user"."email", "auth_user"."is_staff", "auth_user"."is_active", "auth_user"."date_joined" FROM "auth_user" LIMIT 30 OFFSET 60; args=()]
[2019-08-28 07:59:10,698][Thread-9:123145329287168][task_id:django.db.backends][utils.py:91][DEBUG][(0.001) SELECT COUNT(*) AS "__count" FROM "auth_user"; args=()]
[2019-08-28 07:59:10,704][Thread-9:123145329287168][task_id:django.db.backends][utils.py:91][DEBUG][(0.000) SELECT "auth_user"."id", "auth_user"."password", "auth_user"."last_login", "auth_user"."is_superuser", "auth_user"."username", "auth_user"."first_name", "auth_user"."last_name", "auth_user"."email", "auth_user"."is_staff", "auth_user"."is_active", "auth_user"."date_joined" FROM "auth_user" LIMIT 30 OFFSET 90; args=()]
[2019-08-28 07:59:25,876][Thread-11:123145329287168][task_id:django.db.backends][utils.py:91][DEBUG][(0.001) SELECT COUNT(*) AS "__count" FROM "auth_user"; args=()]
[2019-08-28 07:59:25,880][Thread-11:123145329287168][task_id:django.db.backends][utils.py:91][DEBUG][(0.000) SELECT "auth_user"."id", "auth_user"."password", "auth_user"."last_login", "auth_user"."is_superuser", "auth_user"."username", "auth_user"."first_name", "auth_user"."last_name", "auth_user"."email", "auth_user"."is_staff", "auth_user"."is_active", "auth_user"."date_joined" FROM "auth_user" LIMIT 30 OFFSET 90; args=()]
[2019-08-28 07:59:28,623][Thread-12:123145324032000][task_id:django.db.backends][utils.py:91][DEBUG][(0.001) SELECT COUNT(*) AS "__count" FROM "auth_user"; args=()]
[2019-08-28 07:59:28,625][Thread-12:123145324032000][task_id:django.db.backends][utils.py:91][DEBUG][(0.000) SELECT "auth_user"."id", "auth_user"."password", "auth_user"."last_login", "auth_user"."is_superuser", "auth_user"."username", "auth_user"."first_name", "auth_user"."last_name", "auth_user"."email", "auth_user"."is_staff", "auth_user"."is_active", "auth_user"."date_joined" FROM "auth_user" LIMIT 30 OFFSET 480; args=()]
[2019-08-28 07:59:54,962][Thread-14:123145324032000][task_id:django.db.backends][utils.py:91][DEBUG][(0.001) SELECT COUNT(*) AS "__count" FROM "auth_user"; args=()]
[2019-08-28 07:59:54,967][Thread-14:123145324032000][task_id:django.db.backends][utils.py:91][DEBUG][(0.000) SELECT "auth_user"."id", "auth_user"."password", "auth_user"."last_login", "auth_user"."is_superuser", "auth_user"."username", "auth_user"."first_name", "auth_user"."last_name", "auth_user"."email", "auth_user"."is_staff", "auth_user"."is_active", "auth_user"."date_joined" FROM "auth_user" LIMIT 30 OFFSET 480; args=()]
[2019-08-28 07:59:55,342][Thread-15:123145329287168][task_id:django.db.backends][utils.py:91][DEBUG][(0.001) SELECT COUNT(*) AS "__count" FROM "auth_user"; args=()]
[2019-08-28 07:59:55,354][Thread-15:123145329287168][task_id:django.db.backends][utils.py:91][DEBUG][(0.000) SELECT "auth_user"."id", "auth_user"."password", "auth_user"."last_login", "auth_user"."is_superuser", "auth_user"."username", "auth_user"."first_name", "auth_user"."last_name", "auth_user"."email", "auth_user"."is_staff", "auth_user"."is_active", "auth_user"."date_joined" FROM "auth_user" LIMIT 30 OFFSET 480; args=()]
[2019-08-28 07:59:56,191][Thread-16:123145324032000][task_id:django.db.backends][utils.py:91][DEBUG][(0.000) SELECT COUNT(*) AS "__count" FROM "auth_user"; args=()]
[2019-08-28 07:59:56,193][Thread-16:123145324032000][task_id:django.db.backends][utils.py:91][DEBUG][(0.000) SELECT "auth_user"."id", "auth_user"."password", "auth_user"."last_login", "auth_user"."is_superuser", "auth_user"."username", "auth_user"."first_name", "auth_user"."last_name", "auth_user"."email", "auth_user"."is_staff", "auth_user"."is_active", "auth_user"."date_joined" FROM "auth_user" LIMIT 30 OFFSET 480; args=()]
[2019-08-28 07:59:57,164][Thread-17:123145329287168][task_id:django.db.backends][utils.py:91][DEBUG][(0.001) SELECT COUNT(*) AS "__count" FROM "auth_user"; args=()]
[2019-08-28 07:59:57,167][Thread-17:123145329287168][task_id:django.db.backends][utils.py:91][DEBUG][(0.000) SELECT "auth_user"."id", "auth_user"."password", "auth_user"."last_login", "auth_user"."is_superuser", "auth_user"."username", "auth_user"."first_name", "auth_user"."last_name", "auth_user"."email", "auth_user"."is_staff", "auth_user"."is_active", "auth_user"."date_joined" FROM "auth_user" LIMIT 30 OFFSET 480; args=()]
[2019-08-28 07:59:57,520][Thread-18:123145324032000][task_id:django.db.backends][utils.py:91][DEBUG][(0.001) SELECT COUNT(*) AS "__count" FROM "auth_user"; args=()]
[2019-08-28 07:59:57,523][Thread-18:123145324032000][task_id:django.db.backends][utils.py:91][DEBUG][(0.000) SELECT "auth_user"."id", "auth_user"."password", "auth_user"."last_login", "auth_user"."is_superuser", "auth_user"."username", "auth_user"."first_name", "auth_user"."last_name", "auth_user"."email", "auth_user"."is_staff", "auth_user"."is_active", "auth_user"."date_joined" FROM "auth_user" LIMIT 30 OFFSET 480; args=()]
[2019-08-28 08:00:13,931][Thread-20:123145324032000][task_id:django.db.backends][utils.py:91][DEBUG][(0.002) SELECT COUNT(*) AS "__count" FROM "auth_user"; args=()]
[2019-08-28 08:00:13,937][Thread-20:123145324032000][task_id:django.db.backends][utils.py:91][DEBUG][(0.000) SELECT "auth_user"."id", "auth_user"."password", "auth_user"."last_login", "auth_user"."is_superuser", "auth_user"."username", "auth_user"."first_name", "auth_user"."last_name", "auth_user"."email", "auth_user"."is_staff", "auth_user"."is_active", "auth_user"."date_joined" FROM "auth_user" LIMIT 30 OFFSET 480; args=()]
[2019-08-28 08:00:14,349][Thread-21:123145329287168][task_id:django.db.backends][utils.py:91][DEBUG][(0.001) SELECT COUNT(*) AS "__count" FROM "auth_user"; args=()]
[2019-08-28 08:00:14,353][Thread-21:123145329287168][task_id:django.db.backends][utils.py:91][DEBUG][(0.000) SELECT "auth_user"."id", "auth_user"."password", "auth_user"."last_login", "auth_user"."is_superuser", "auth_user"."username", "auth_user"."first_name", "auth_user"."last_name", "auth_user"."email", "auth_user"."is_staff", "auth_user"."is_active", "auth_user"."date_joined" FROM "auth_user" LIMIT 30 OFFSET 480; args=()]
[2019-08-28 08:00:15,629][Thread-22:123145324032000][task_id:django.db.backends][utils.py:91][DEBUG][(0.000) SELECT COUNT(*) AS "__count" FROM "auth_user"; args=()]
[2019-08-28 08:00:15,632][Thread-22:123145324032000][task_id:django.db.backends][utils.py:91][DEBUG][(0.000) SELECT "auth_user"."id", "auth_user"."password", "auth_user"."last_login", "auth_user"."is_superuser", "auth_user"."username", "auth_user"."first_name", "auth_user"."last_name", "auth_user"."email", "auth_user"."is_staff", "auth_user"."is_active", "auth_user"."date_joined" FROM "auth_user" LIMIT 30 OFFSET 480; args=()]
[2019-08-28 08:00:16,227][Thread-23:123145329287168][task_id:django.db.backends][utils.py:91][DEBUG][(0.001) SELECT COUNT(*) AS "__count" FROM "auth_user"; args=()]
[2019-08-28 08:00:16,230][Thread-23:123145329287168][task_id:django.db.backends][utils.py:91][DEBUG][(0.000) SELECT "auth_user"."id", "auth_user"."password", "auth_user"."last_login", "auth_user"."is_superuser", "auth_user"."username", "auth_user"."first_name", "auth_user"."last_name", "auth_user"."email", "auth_user"."is_staff", "auth_user"."is_active", "auth_user"."date_joined" FROM "auth_user" LIMIT 30 OFFSET 480; args=()]
[2019-08-28 08:00:16,623][Thread-24:123145324032000][task_id:django.db.backends][utils.py:91][DEBUG][(0.000) SELECT COUNT(*) AS "__count" FROM "auth_user"; args=()]
[2019-08-28 08:00:16,625][Thread-24:123145324032000][task_id:django.db.backends][utils.py:91][DEBUG][(0.000) SELECT "auth_user"."id", "auth_user"."password", "auth_user"."last_login", "auth_user"."is_superuser", "auth_user"."username", "auth_user"."first_name", "auth_user"."last_name", "auth_user"."email", "auth_user"."is_staff", "auth_user"."is_active", "auth_user"."date_joined" FROM "auth_user" LIMIT 30 OFFSET 480; args=()]
[2019-08-28 08:13:35,590][Dummy-1:123145379954688][task_id:django.db.backends][utils.py:91][DEBUG][(0.001) 
            SELECT name, type FROM sqlite_master
            WHERE type in ('table', 'view') AND NOT name='sqlite_sequence'
            ORDER BY name; args=None]
[2019-08-28 08:13:35,594][Dummy-1:123145379954688][task_id:django.db.backends][utils.py:91][DEBUG][(0.000) SELECT "django_migrations"."app", "django_migrations"."name" FROM "django_migrations"; args=()]
[2019-08-28 08:13:37,531][Thread-2:123145385209856][task_id:django.db.backends][utils.py:91][DEBUG][(0.001) SELECT COUNT(*) AS "__count" FROM "auth_user"; args=()]
[2019-08-28 08:13:37,541][Thread-2:123145385209856][task_id:django.db.backends][utils.py:91][DEBUG][(0.000) SELECT "auth_user"."id", "auth_user"."password", "auth_user"."last_login", "auth_user"."is_superuser", "auth_user"."username", "auth_user"."first_name", "auth_user"."last_name", "auth_user"."email", "auth_user"."is_staff", "auth_user"."is_active", "auth_user"."date_joined" FROM "auth_user" LIMIT 30 OFFSET 480; args=()]
[2019-08-28 08:13:53,864][Dummy-1:123145438674944][task_id:django.db.backends][utils.py:91][DEBUG][(0.001) 
            SELECT name, type FROM sqlite_master
            WHERE type in ('table', 'view') AND NOT name='sqlite_sequence'
            ORDER BY name; args=None]
[2019-08-28 08:13:53,867][Dummy-1:123145438674944][task_id:django.db.backends][utils.py:91][DEBUG][(0.000) SELECT "django_migrations"."app", "django_migrations"."name" FROM "django_migrations"; args=()]
[2019-08-28 08:13:55,797][Thread-2:123145443930112][task_id:django.db.backends][utils.py:91][DEBUG][(0.001) SELECT COUNT(*) AS "__count" FROM "auth_user"; args=()]
[2019-08-28 08:13:55,807][Thread-2:123145443930112][task_id:django.db.backends][utils.py:91][DEBUG][(0.000) SELECT "auth_user"."id", "auth_user"."password", "auth_user"."last_login", "auth_user"."is_superuser", "auth_user"."username", "auth_user"."first_name", "auth_user"."last_name", "auth_user"."email", "auth_user"."is_staff", "auth_user"."is_active", "auth_user"."date_joined" FROM "auth_user" LIMIT 30 OFFSET 480; args=()]
[2019-08-28 08:13:56,182][Thread-3:123145449185280][task_id:django.db.backends][utils.py:91][DEBUG][(0.001) SELECT COUNT(*) AS "__count" FROM "auth_user"; args=()]
[2019-08-28 08:13:56,184][Thread-3:123145449185280][task_id:django.db.backends][utils.py:91][DEBUG][(0.000) SELECT "auth_user"."id", "auth_user"."password", "auth_user"."last_login", "auth_user"."is_superuser", "auth_user"."username", "auth_user"."first_name", "auth_user"."last_name", "auth_user"."email", "auth_user"."is_staff", "auth_user"."is_active", "auth_user"."date_joined" FROM "auth_user" LIMIT 30 OFFSET 480; args=()]
[2019-08-28 08:13:57,740][Thread-4:123145443930112][task_id:django.db.backends][utils.py:91][DEBUG][(0.001) SELECT COUNT(*) AS "__count" FROM "auth_user"; args=()]
[2019-08-28 08:13:57,743][Thread-4:123145443930112][task_id:django.db.backends][utils.py:91][DEBUG][(0.000) SELECT "auth_user"."id", "auth_user"."password", "auth_user"."last_login", "auth_user"."is_superuser", "auth_user"."username", "auth_user"."first_name", "auth_user"."last_name", "auth_user"."email", "auth_user"."is_staff", "auth_user"."is_active", "auth_user"."date_joined" FROM "auth_user" LIMIT 30 OFFSET 450; args=()]
[2019-08-28 08:25:14,440][Dummy-1:123145554153472][task_id:django.db.backends][utils.py:91][DEBUG][(0.001) 
            SELECT name, type FROM sqlite_master
            WHERE type in ('table', 'view') AND NOT name='sqlite_sequence'
            ORDER BY name; args=None]
[2019-08-28 08:25:14,451][Dummy-1:123145554153472][task_id:django.db.backends][utils.py:91][DEBUG][(0.000) SELECT "django_migrations"."app", "django_migrations"."name" FROM "django_migrations"; args=()]
[2019-08-28 08:33:20,444][Dummy-1:123145342828544][task_id:django.db.backends][utils.py:91][DEBUG][(0.001) 
            SELECT name, type FROM sqlite_master
            WHERE type in ('table', 'view') AND NOT name='sqlite_sequence'
            ORDER BY name; args=None]
[2019-08-28 08:33:20,448][Dummy-1:123145342828544][task_id:django.db.backends][utils.py:91][DEBUG][(0.001) SELECT "django_migrations"."app", "django_migrations"."name" FROM "django_migrations"; args=()]
[2019-08-28 08:42:21,586][Dummy-1:123145423745024][task_id:django.db.backends][utils.py:91][DEBUG][(0.001) 
            SELECT name, type FROM sqlite_master
            WHERE type in ('table', 'view') AND NOT name='sqlite_sequence'
            ORDER BY name; args=None]
[2019-08-28 08:42:21,590][Dummy-1:123145423745024][task_id:django.db.backends][utils.py:91][DEBUG][(0.000) SELECT "django_migrations"."app", "django_migrations"."name" FROM "django_migrations"; args=()]
[2019-08-28 08:42:24,635][Thread-2:123145429000192][task_id:django.db.backends][utils.py:91][DEBUG][(0.005) SELECT COUNT(*) AS "__count" FROM "auth_user"; args=()]
[2019-08-28 08:42:24,654][Thread-2:123145429000192][task_id:django.db.backends][utils.py:91][DEBUG][(0.002) SELECT "auth_user"."id", "auth_user"."password", "auth_user"."last_login", "auth_user"."is_superuser", "auth_user"."username", "auth_user"."first_name", "auth_user"."last_name", "auth_user"."email", "auth_user"."is_staff", "auth_user"."is_active", "auth_user"."date_joined" FROM "auth_user" LIMIT 30; args=()]
[2019-08-28 08:42:24,673][Thread-2:123145429000192][task_id:django.request][exception.py:135][ERROR][Internal Server Error: /dashboard/hello]
Traceback (most recent call last):
  File "/Users/apple/.virtualenvs/devopsStudy/lib/python3.6/site-packages/django/core/handlers/exception.py", line 41, in inner
    response = get_response(request)
  File "/Users/apple/.virtualenvs/devopsStudy/lib/python3.6/site-packages/django/core/handlers/base.py", line 217, in _get_response
    response = self.process_exception_by_middleware(e, request)
  File "/Users/apple/.virtualenvs/devopsStudy/lib/python3.6/site-packages/django/core/handlers/base.py", line 215, in _get_response
    response = response.render()
  File "/Users/apple/.virtualenvs/devopsStudy/lib/python3.6/site-packages/django/template/response.py", line 107, in render
    self.content = self.rendered_content
  File "/Users/apple/.virtualenvs/devopsStudy/lib/python3.6/site-packages/django/template/response.py", line 84, in rendered_content
    content = template.render(context, self._request)
  File "/Users/apple/.virtualenvs/devopsStudy/lib/python3.6/site-packages/django/template/backends/django.py", line 66, in render
    return self.template.render(context)
  File "/Users/apple/.virtualenvs/devopsStudy/lib/python3.6/site-packages/django/template/base.py", line 207, in render
    return self._render(context)
  File "/Users/apple/.virtualenvs/devopsStudy/lib/python3.6/site-packages/django/template/base.py", line 199, in _render
    return self.nodelist.render(context)
  File "/Users/apple/.virtualenvs/devopsStudy/lib/python3.6/site-packages/django/template/base.py", line 990, in render
    bit = node.render_annotated(context)
  File "/Users/apple/.virtualenvs/devopsStudy/lib/python3.6/site-packages/django/template/base.py", line 957, in render_annotated
    return self.render(context)
  File "/Users/apple/.virtualenvs/devopsStudy/lib/python3.6/site-packages/django/template/defaulttags.py", line 216, in render
    nodelist.append(node.render_annotated(context))
  File "/Users/apple/.virtualenvs/devopsStudy/lib/python3.6/site-packages/django/template/base.py", line 957, in render_annotated
    return self.render(context)
  File "/Users/apple/.virtualenvs/devopsStudy/lib/python3.6/site-packages/django/template/defaulttags.py", line 322, in render
    return nodelist.render(context)
  File "/Users/apple/.virtualenvs/devopsStudy/lib/python3.6/site-packages/django/template/base.py", line 990, in render
    bit = node.render_annotated(context)
  File "/Users/apple/.virtualenvs/devopsStudy/lib/python3.6/site-packages/django/template/base.py", line 957, in render_annotated
    return self.render(context)
  File "/Users/apple/.virtualenvs/devopsStudy/lib/python3.6/site-packages/django/template/defaulttags.py", line 458, in render
    url = reverse(view_name, args=args, kwargs=kwargs, current_app=current_app)
  File "/Users/apple/.virtualenvs/devopsStudy/lib/python3.6/site-packages/django/urls/base.py", line 91, in reverse
    return force_text(iri_to_uri(resolver._reverse_with_prefix(view, prefix, *args, **kwargs)))
  File "/Users/apple/.virtualenvs/devopsStudy/lib/python3.6/site-packages/django/urls/resolvers.py", line 497, in _reverse_with_prefix
    raise NoReverseMatch(msg)
django.urls.exceptions.NoReverseMatch: Reverse for 'dashboard.hello' not found. 'dashboard.hello' is not a valid view function or pattern name.
[2019-08-28 08:57:34,210][Dummy-1:123145318551552][task_id:django.db.backends][utils.py:91][DEBUG][(0.003) 
            SELECT name, type FROM sqlite_master
            WHERE type in ('table', 'view') AND NOT name='sqlite_sequence'
            ORDER BY name; args=None]
[2019-08-28 08:57:34,214][Dummy-1:123145318551552][task_id:django.db.backends][utils.py:91][DEBUG][(0.000) SELECT "django_migrations"."app", "django_migrations"."name" FROM "django_migrations"; args=()]
[2019-08-28 08:58:19,765][Thread-2:123145323806720][task_id:django.db.backends][utils.py:91][DEBUG][(0.003) SELECT COUNT(*) AS "__count" FROM "auth_user"; args=()]
[2019-08-28 08:58:19,778][Thread-2:123145323806720][task_id:django.db.backends][utils.py:91][DEBUG][(0.001) SELECT "auth_user"."id", "auth_user"."password", "auth_user"."last_login", "auth_user"."is_superuser", "auth_user"."username", "auth_user"."first_name", "auth_user"."last_name", "auth_user"."email", "auth_user"."is_staff", "auth_user"."is_active", "auth_user"."date_joined" FROM "auth_user" LIMIT 30; args=()]
[2019-08-28 08:58:20,240][Thread-3:123145329061888][task_id:django.db.backends][utils.py:91][DEBUG][(0.001) SELECT COUNT(*) AS "__count" FROM "auth_user"; args=()]
[2019-08-28 08:58:20,244][Thread-3:123145329061888][task_id:django.db.backends][utils.py:91][DEBUG][(0.000) SELECT "auth_user"."id", "auth_user"."password", "auth_user"."last_login", "auth_user"."is_superuser", "auth_user"."username", "auth_user"."first_name", "auth_user"."last_name", "auth_user"."email", "auth_user"."is_staff", "auth_user"."is_active", "auth_user"."date_joined" FROM "auth_user" LIMIT 30; args=()]
[2019-08-28 08:58:22,466][Thread-4:123145323806720][task_id:django.db.backends][utils.py:91][DEBUG][(0.003) SELECT COUNT(*) AS "__count" FROM "auth_user"; args=()]
[2019-08-28 08:58:22,473][Thread-4:123145323806720][task_id:django.db.backends][utils.py:91][DEBUG][(0.003) SELECT "auth_user"."id", "auth_user"."password", "auth_user"."last_login", "auth_user"."is_superuser", "auth_user"."username", "auth_user"."first_name", "auth_user"."last_name", "auth_user"."email", "auth_user"."is_staff", "auth_user"."is_active", "auth_user"."date_joined" FROM "auth_user" LIMIT 30 OFFSET 630; args=()]
[2019-08-28 08:58:27,848][Thread-5:123145329061888][task_id:django.db.backends][utils.py:91][DEBUG][(0.002) SELECT COUNT(*) AS "__count" FROM "auth_user"; args=()]
[2019-08-28 08:58:27,853][Thread-5:123145329061888][task_id:django.db.backends][utils.py:91][DEBUG][(0.001) SELECT "auth_user"."id", "auth_user"."password", "auth_user"."last_login", "auth_user"."is_superuser", "auth_user"."username", "auth_user"."first_name", "auth_user"."last_name", "auth_user"."email", "auth_user"."is_staff", "auth_user"."is_active", "auth_user"."date_joined" FROM "auth_user" LIMIT 30 OFFSET 780; args=()]
[2019-08-28 08:59:31,672][Thread-7:123145323806720][task_id:django.db.backends][utils.py:91][DEBUG][(0.001) SELECT COUNT(*) AS "__count" FROM "auth_user"; args=()]
[2019-08-28 08:59:31,679][Thread-7:123145323806720][task_id:django.db.backends][utils.py:91][DEBUG][(0.001) SELECT "auth_user"."id", "auth_user"."password", "auth_user"."last_login", "auth_user"."is_superuser", "auth_user"."username", "auth_user"."first_name", "auth_user"."last_name", "auth_user"."email", "auth_user"."is_staff", "auth_user"."is_active", "auth_user"."date_joined" FROM "auth_user" LIMIT 30 OFFSET 810; args=()]
[2019-08-28 08:59:33,988][Thread-8:123145329061888][task_id:django.db.backends][utils.py:91][DEBUG][(0.001) SELECT COUNT(*) AS "__count" FROM "auth_user"; args=()]
[2019-08-28 08:59:33,993][Thread-8:123145329061888][task_id:django.db.backends][utils.py:91][DEBUG][(0.001) SELECT "auth_user"."id", "auth_user"."password", "auth_user"."last_login", "auth_user"."is_superuser", "auth_user"."username", "auth_user"."first_name", "auth_user"."last_name", "auth_user"."email", "auth_user"."is_staff", "auth_user"."is_active", "auth_user"."date_joined" FROM "auth_user" LIMIT 30 OFFSET 960; args=()]
[2019-08-28 09:05:04,953][Dummy-1:123145528848384][task_id:django.db.backends][utils.py:91][DEBUG][(0.001) 
            SELECT name, type FROM sqlite_master
            WHERE type in ('table', 'view') AND NOT name='sqlite_sequence'
            ORDER BY name; args=None]
[2019-08-28 09:05:04,958][Dummy-1:123145528848384][task_id:django.db.backends][utils.py:91][DEBUG][(0.000) SELECT "django_migrations"."app", "django_migrations"."name" FROM "django_migrations"; args=()]
[2019-08-29 07:14:25,856][Dummy-1:123145575301120][task_id:django.db.backends][utils.py:91][DEBUG][(0.006) 
            SELECT name, type FROM sqlite_master
            WHERE type in ('table', 'view') AND NOT name='sqlite_sequence'
            ORDER BY name; args=None]
[2019-08-29 07:14:25,861][Dummy-1:123145575301120][task_id:django.db.backends][utils.py:91][DEBUG][(0.000) SELECT "django_migrations"."app", "django_migrations"."name" FROM "django_migrations"; args=()]
[2019-08-29 07:14:32,587][Thread-2:123145580556288][task_id:django.request][exception.py:135][ERROR][Internal Server Error: /dashboard/hello]
Traceback (most recent call last):
  File "/Users/apple/.virtualenvs/devopsStudy/lib/python3.6/site-packages/django/core/handlers/exception.py", line 41, in inner
    response = get_response(request)
  File "/Users/apple/.virtualenvs/devopsStudy/lib/python3.6/site-packages/django/core/handlers/base.py", line 187, in _get_response
    response = self.process_exception_by_middleware(e, request)
  File "/Users/apple/.virtualenvs/devopsStudy/lib/python3.6/site-packages/django/core/handlers/base.py", line 185, in _get_response
    response = wrapped_callback(request, *callback_args, **callback_kwargs)
  File "/Users/apple/.virtualenvs/devopsStudy/lib/python3.6/site-packages/django/views/generic/base.py", line 68, in view
    return self.dispatch(request, *args, **kwargs)
  File "/Users/apple/.virtualenvs/devopsStudy/lib/python3.6/site-packages/django/views/generic/base.py", line 88, in dispatch
    return handler(request, *args, **kwargs)
TypeError: get() takes 1 positional argument but 2 were given
[2019-08-29 07:15:26,204][Thread-4:123145580556288][task_id:django.request][exception.py:135][ERROR][Internal Server Error: /dashboard/hello]
Traceback (most recent call last):
  File "/Users/apple/.virtualenvs/devopsStudy/lib/python3.6/site-packages/django/core/handlers/exception.py", line 41, in inner
    response = get_response(request)
  File "/Users/apple/.virtualenvs/devopsStudy/lib/python3.6/site-packages/django/core/handlers/base.py", line 187, in _get_response
    response = self.process_exception_by_middleware(e, request)
  File "/Users/apple/.virtualenvs/devopsStudy/lib/python3.6/site-packages/django/core/handlers/base.py", line 185, in _get_response
    response = wrapped_callback(request, *callback_args, **callback_kwargs)
  File "/Users/apple/.virtualenvs/devopsStudy/lib/python3.6/site-packages/django/views/generic/base.py", line 68, in view
    return self.dispatch(request, *args, **kwargs)
  File "/Users/apple/.virtualenvs/devopsStudy/lib/python3.6/site-packages/django/views/generic/base.py", line 88, in dispatch
    return handler(request, *args, **kwargs)
TypeError: get() takes 1 positional argument but 2 were given
[2019-08-29 07:15:28,533][Dummy-1:123145569042432][task_id:django.db.backends][utils.py:91][DEBUG][(0.001) 
            SELECT name, type FROM sqlite_master
            WHERE type in ('table', 'view') AND NOT name='sqlite_sequence'
            ORDER BY name; args=None]
[2019-08-29 07:15:28,536][Dummy-1:123145569042432][task_id:django.db.backends][utils.py:91][DEBUG][(0.000) SELECT "django_migrations"."app", "django_migrations"."name" FROM "django_migrations"; args=()]
[2019-08-29 07:15:30,604][Thread-2:123145574297600][task_id:django.request][exception.py:135][ERROR][Internal Server Error: /dashboard/hello]
Traceback (most recent call last):
  File "/Users/apple/.virtualenvs/devopsStudy/lib/python3.6/site-packages/django/core/handlers/exception.py", line 41, in inner
    response = get_response(request)
  File "/Users/apple/.virtualenvs/devopsStudy/lib/python3.6/site-packages/django/core/handlers/base.py", line 187, in _get_response
    response = self.process_exception_by_middleware(e, request)
  File "/Users/apple/.virtualenvs/devopsStudy/lib/python3.6/site-packages/django/core/handlers/base.py", line 185, in _get_response
    response = wrapped_callback(request, *callback_args, **callback_kwargs)
  File "/Users/apple/.virtualenvs/devopsStudy/lib/python3.6/site-packages/django/views/generic/base.py", line 68, in view
    return self.dispatch(request, *args, **kwargs)
  File "/Users/apple/.virtualenvs/devopsStudy/lib/python3.6/site-packages/django/views/generic/base.py", line 88, in dispatch
    return handler(request, *args, **kwargs)
  File "/Users/apple/gitlab/devopStudy/dashboard/views.py", line 57, in get
    return JsonResponse(queryset, safe=False)
  File "/Users/apple/.virtualenvs/devopsStudy/lib/python3.6/site-packages/django/http/response.py", line 530, in __init__
    data = json.dumps(data, cls=encoder, **json_dumps_params)
  File "/Library/Frameworks/Python.framework/Versions/3.6/lib/python3.6/json/__init__.py", line 238, in dumps
    **kw).encode(obj)
  File "/Library/Frameworks/Python.framework/Versions/3.6/lib/python3.6/json/encoder.py", line 199, in encode
    chunks = self.iterencode(o, _one_shot=True)
  File "/Library/Frameworks/Python.framework/Versions/3.6/lib/python3.6/json/encoder.py", line 257, in iterencode
    return _iterencode(o, 0)
  File "/Users/apple/.virtualenvs/devopsStudy/lib/python3.6/site-packages/django/core/serializers/json.py", line 124, in default
    return super(DjangoJSONEncoder, self).default(o)
  File "/Library/Frameworks/Python.framework/Versions/3.6/lib/python3.6/json/encoder.py", line 180, in default
    o.__class__.__name__)
TypeError: Object of type 'QuerySet' is not JSON serializable
[2019-08-29 07:15:30,629][Thread-2:123145574297600][task_id:django.db.backends][utils.py:91][DEBUG][(0.001) SELECT "auth_user"."id", "auth_user"."username", "auth_user"."email" FROM "auth_user" LIMIT 21; args=()]
[2019-08-29 07:15:30,630][Thread-2:123145574297600][task_id:django.db.backends][utils.py:91][DEBUG][(0.000) SELECT "auth_user"."id", "auth_user"."username", "auth_user"."email" FROM "auth_user" LIMIT 21; args=()]
[2019-08-29 07:15:30,631][Thread-2:123145574297600][task_id:django.db.backends][utils.py:91][DEBUG][(0.000) SELECT "auth_user"."id", "auth_user"."username", "auth_user"."email" FROM "auth_user" LIMIT 21; args=()]
[2019-08-29 07:15:30,632][Thread-2:123145574297600][task_id:django.db.backends][utils.py:91][DEBUG][(0.000) SELECT "auth_user"."id", "auth_user"."username", "auth_user"."email" FROM "auth_user" LIMIT 21; args=()]
[2019-08-29 07:15:30,633][Thread-2:123145574297600][task_id:django.db.backends][utils.py:91][DEBUG][(0.000) SELECT "auth_user"."id", "auth_user"."username", "auth_user"."email" FROM "auth_user" LIMIT 21; args=()]
[2019-08-29 07:15:30,633][Thread-2:123145574297600][task_id:django.db.backends][utils.py:91][DEBUG][(0.000) SELECT "auth_user"."id", "auth_user"."username", "auth_user"."email" FROM "auth_user" LIMIT 21; args=()]
[2019-08-29 07:15:30,634][Thread-2:123145574297600][task_id:django.db.backends][utils.py:91][DEBUG][(0.000) SELECT "auth_user"."id", "auth_user"."username", "auth_user"."email" FROM "auth_user" LIMIT 21; args=()]
[2019-08-29 07:15:30,634][Thread-2:123145574297600][task_id:django.db.backends][utils.py:91][DEBUG][(0.000) SELECT "auth_user"."id", "auth_user"."username", "auth_user"."email" FROM "auth_user" LIMIT 21; args=()]
[2019-08-29 07:15:30,635][Thread-2:123145574297600][task_id:django.db.backends][utils.py:91][DEBUG][(0.000) SELECT "auth_user"."id", "auth_user"."username", "auth_user"."email" FROM "auth_user" LIMIT 21; args=()]
[2019-08-29 07:17:40,359][Dummy-1:123145312071680][task_id:django.db.backends][utils.py:91][DEBUG][(0.001) 
            SELECT name, type FROM sqlite_master
            WHERE type in ('table', 'view') AND NOT name='sqlite_sequence'
            ORDER BY name; args=None]
[2019-08-29 07:17:40,363][Dummy-1:123145312071680][task_id:django.db.backends][utils.py:91][DEBUG][(0.000) SELECT "django_migrations"."app", "django_migrations"."name" FROM "django_migrations"; args=()]
[2019-08-29 07:17:45,501][Thread-2:123145317326848][task_id:django.db.backends][utils.py:91][DEBUG][(0.001) SELECT "auth_user"."id", "auth_user"."username", "auth_user"."email" FROM "auth_user"; args=()]
[2019-08-29 07:17:45,513][Thread-2:123145317326848][task_id:django.request][exception.py:135][ERROR][Internal Server Error: /dashboard/hello]
Traceback (most recent call last):
  File "/Users/apple/.virtualenvs/devopsStudy/lib/python3.6/site-packages/django/core/handlers/exception.py", line 41, in inner
    response = get_response(request)
  File "/Users/apple/.virtualenvs/devopsStudy/lib/python3.6/site-packages/django/core/handlers/base.py", line 187, in _get_response
    response = self.process_exception_by_middleware(e, request)
  File "/Users/apple/.virtualenvs/devopsStudy/lib/python3.6/site-packages/django/core/handlers/base.py", line 185, in _get_response
    response = wrapped_callback(request, *callback_args, **callback_kwargs)
  File "/Users/apple/.virtualenvs/devopsStudy/lib/python3.6/site-packages/django/views/generic/base.py", line 68, in view
    return self.dispatch(request, *args, **kwargs)
  File "/Users/apple/.virtualenvs/devopsStudy/lib/python3.6/site-packages/django/views/generic/base.py", line 88, in dispatch
    return handler(request, *args, **kwargs)
  File "/Users/apple/gitlab/devopStudy/dashboard/views.py", line 58, in get
    return JsonResponse(serialize('json', queryset), safe=False)
  File "/Users/apple/.virtualenvs/devopsStudy/lib/python3.6/site-packages/django/core/serializers/__init__.py", line 129, in serialize
    s.serialize(queryset, **options)
  File "/Users/apple/.virtualenvs/devopsStudy/lib/python3.6/site-packages/django/core/serializers/base.py", line 84, in serialize
    concrete_model = obj._meta.concrete_model
AttributeError: 'dict' object has no attribute '_meta'
[2019-08-29 07:18:09,707][Dummy-1:123145484828672][task_id:django.db.backends][utils.py:91][DEBUG][(0.002) 
            SELECT name, type FROM sqlite_master
            WHERE type in ('table', 'view') AND NOT name='sqlite_sequence'
            ORDER BY name; args=None]
[2019-08-29 07:18:09,711][Dummy-1:123145484828672][task_id:django.db.backends][utils.py:91][DEBUG][(0.000) SELECT "django_migrations"."app", "django_migrations"."name" FROM "django_migrations"; args=()]
[2019-08-29 07:18:10,625][Thread-2:123145490083840][task_id:django.db.backends][utils.py:91][DEBUG][(0.008) SELECT "auth_user"."id", "auth_user"."username", "auth_user"."email" FROM "auth_user"; args=()]
[2019-08-29 07:18:41,618][Dummy-1:123145536827392][task_id:django.db.backends][utils.py:91][DEBUG][(0.001) 
            SELECT name, type FROM sqlite_master
            WHERE type in ('table', 'view') AND NOT name='sqlite_sequence'
            ORDER BY name; args=None]
[2019-08-29 07:18:41,621][Dummy-1:123145536827392][task_id:django.db.backends][utils.py:91][DEBUG][(0.000) SELECT "django_migrations"."app", "django_migrations"."name" FROM "django_migrations"; args=()]
[2019-08-29 07:18:42,307][Thread-2:123145542082560][task_id:django.db.backends][utils.py:91][DEBUG][(0.002) SELECT COUNT(*) AS "__count" FROM "auth_user"; args=()]
[2019-08-29 07:18:42,312][Thread-2:123145542082560][task_id:django.db.backends][utils.py:91][DEBUG][(0.004) SELECT "auth_user"."id", "auth_user"."username", "auth_user"."email" FROM "auth_user" LIMIT 10; args=()]
[2019-08-29 07:22:11,832][Dummy-1:123145513893888][task_id:django.db.backends][utils.py:91][DEBUG][(0.001) 
            SELECT name, type FROM sqlite_master
            WHERE type in ('table', 'view') AND NOT name='sqlite_sequence'
            ORDER BY name; args=None]
[2019-08-29 07:22:11,836][Dummy-1:123145513893888][task_id:django.db.backends][utils.py:91][DEBUG][(0.001) SELECT "django_migrations"."app", "django_migrations"."name" FROM "django_migrations"; args=()]
[2019-08-29 07:25:02,072][Dummy-1:123145313939456][task_id:django.db.backends][utils.py:91][DEBUG][(0.003) 
            SELECT name, type FROM sqlite_master
            WHERE type in ('table', 'view') AND NOT name='sqlite_sequence'
            ORDER BY name; args=None]
[2019-08-29 07:25:02,118][Dummy-1:123145313939456][task_id:django.db.backends][utils.py:91][DEBUG][(0.001) SELECT "django_migrations"."app", "django_migrations"."name" FROM "django_migrations"; args=()]
[2019-08-29 07:25:17,298][Thread-2:123145319194624][task_id:django.db.backends][utils.py:91][DEBUG][(0.002) SELECT COUNT(*) AS "__count" FROM "auth_user"; args=()]
[2019-08-29 07:25:17,303][Thread-2:123145319194624][task_id:django.db.backends][utils.py:91][DEBUG][(0.002) SELECT "auth_user"."id", "auth_user"."username", "auth_user"."email" FROM "auth_user" LIMIT 10 OFFSET 160; args=()]
[2019-08-29 07:25:31,873][Thread-4:123145319194624][task_id:django.db.backends][utils.py:91][DEBUG][(0.003) SELECT COUNT(*) AS "__count" FROM "auth_user"; args=()]
[2019-08-29 07:25:31,876][Thread-4:123145319194624][task_id:django.db.backends][utils.py:91][DEBUG][(0.001) SELECT "auth_user"."id", "auth_user"."username", "auth_user"."email" FROM "auth_user" LIMIT 1 OFFSET 16; args=()]
[2019-08-30 02:20:52,122][Dummy-1:123145493233664][task_id:django.db.backends][utils.py:91][DEBUG][(0.007) 
            SELECT name, type FROM sqlite_master
            WHERE type in ('table', 'view') AND NOT name='sqlite_sequence'
            ORDER BY name; args=None]
[2019-08-30 02:20:52,138][Dummy-1:123145493233664][task_id:django.db.backends][utils.py:91][DEBUG][(0.002) SELECT "django_migrations"."app", "django_migrations"."name" FROM "django_migrations"; args=()]
[2019-08-30 03:24:40,468][MainThread:140734795363776][task_id:django.db.backends][utils.py:91][DEBUG][(0.009) 
            SELECT name, type FROM sqlite_master
            WHERE type in ('table', 'view') AND NOT name='sqlite_sequence'
            ORDER BY name; args=None]
[2019-08-30 03:24:40,473][MainThread:140734795363776][task_id:django.db.backends][utils.py:91][DEBUG][(0.000) SELECT "django_migrations"."app", "django_migrations"."name" FROM "django_migrations"; args=()]
[2019-08-30 03:24:51,014][MainThread:140734937855424][task_id:django.db.backends][utils.py:91][DEBUG][(0.002) 
            SELECT name, type FROM sqlite_master
            WHERE type in ('table', 'view') AND NOT name='sqlite_sequence'
            ORDER BY name; args=None]
[2019-08-30 03:24:51,017][MainThread:140734937855424][task_id:django.db.backends][utils.py:91][DEBUG][(0.000) SELECT "django_migrations"."app", "django_migrations"."name" FROM "django_migrations"; args=()]
[2019-08-30 03:24:51,019][MainThread:140734937855424][task_id:django.db.backends][utils.py:91][DEBUG][(0.000) 
            SELECT name, type FROM sqlite_master
            WHERE type in ('table', 'view') AND NOT name='sqlite_sequence'
            ORDER BY name; args=None]
[2019-08-30 03:24:51,019][MainThread:140734937855424][task_id:django.db.backends][utils.py:91][DEBUG][(0.000) SELECT "django_migrations"."app", "django_migrations"."name" FROM "django_migrations"; args=()]
[2019-08-30 03:24:51,037][MainThread:140734937855424][task_id:django.db.backends][utils.py:91][DEBUG][(0.001) PRAGMA foreign_keys; args=None]
[2019-08-30 03:24:51,037][MainThread:140734937855424][task_id:django.db.backends][utils.py:91][DEBUG][(0.000) PRAGMA foreign_keys = 0; args=None]
[2019-08-30 03:24:51,038][MainThread:140734937855424][task_id:django.db.backends][utils.py:91][DEBUG][(0.000) BEGIN; args=None]
[2019-08-30 03:24:51,043][MainThread:140734937855424][task_id:django.db.backends.schema][schema.py:111][DEBUG][CREATE TABLE "User" ("username" varchar(20) NOT NULL PRIMARY KEY, "password" varchar(50) NOT NULL PRIMARY KEY, "email" varchar(50) NOT NULL PRIMARY KEY); (params None)]
[2019-08-30 03:24:51,045][MainThread:140734937855424][task_id:django.db.backends][utils.py:91][DEBUG][(0.001) CREATE TABLE "User" ("username" varchar(20) NOT NULL PRIMARY KEY, "password" varchar(50) NOT NULL PRIMARY KEY, "email" varchar(50) NOT NULL PRIMARY KEY); args=None]
[2019-08-30 03:24:51,046][MainThread:140734937855424][task_id:django.db.backends][utils.py:91][DEBUG][(0.000) PRAGMA foreign_keys = 0; args=None]
[2019-08-30 03:25:28,531][MainThread:140734894994880][task_id:django.db.backends][utils.py:91][DEBUG][(0.001) 
            SELECT name, type FROM sqlite_master
            WHERE type in ('table', 'view') AND NOT name='sqlite_sequence'
            ORDER BY name; args=None]
[2019-08-30 03:25:28,536][MainThread:140734894994880][task_id:django.db.backends][utils.py:91][DEBUG][(0.000) SELECT "django_migrations"."app", "django_migrations"."name" FROM "django_migrations"; args=()]
[2019-08-30 03:25:36,132][MainThread:140734838224320][task_id:django.db.backends][utils.py:91][DEBUG][(0.002) 
            SELECT name, type FROM sqlite_master
            WHERE type in ('table', 'view') AND NOT name='sqlite_sequence'
            ORDER BY name; args=None]
[2019-08-30 03:25:36,136][MainThread:140734838224320][task_id:django.db.backends][utils.py:91][DEBUG][(0.000) SELECT "django_migrations"."app", "django_migrations"."name" FROM "django_migrations"; args=()]
[2019-08-30 03:25:36,137][MainThread:140734838224320][task_id:django.db.backends][utils.py:91][DEBUG][(0.000) 
            SELECT name, type FROM sqlite_master
            WHERE type in ('table', 'view') AND NOT name='sqlite_sequence'
            ORDER BY name; args=None]
[2019-08-30 03:25:36,138][MainThread:140734838224320][task_id:django.db.backends][utils.py:91][DEBUG][(0.000) SELECT "django_migrations"."app", "django_migrations"."name" FROM "django_migrations"; args=()]
[2019-08-30 03:25:36,155][MainThread:140734838224320][task_id:django.db.backends][utils.py:91][DEBUG][(0.000) PRAGMA foreign_keys; args=None]
[2019-08-30 03:25:36,156][MainThread:140734838224320][task_id:django.db.backends][utils.py:91][DEBUG][(0.000) PRAGMA foreign_keys = 0; args=None]
[2019-08-30 03:25:36,156][MainThread:140734838224320][task_id:django.db.backends][utils.py:91][DEBUG][(0.000) BEGIN; args=None]
[2019-08-30 03:25:36,158][MainThread:140734838224320][task_id:django.db.backends.schema][schema.py:111][DEBUG][CREATE TABLE "User" ("username" varchar(20) NOT NULL PRIMARY KEY, "password" varchar(50) NOT NULL PRIMARY KEY, "email" varchar(50) NOT NULL PRIMARY KEY); (params None)]
[2019-08-30 03:25:36,158][MainThread:140734838224320][task_id:django.db.backends][utils.py:91][DEBUG][(0.000) CREATE TABLE "User" ("username" varchar(20) NOT NULL PRIMARY KEY, "password" varchar(50) NOT NULL PRIMARY KEY, "email" varchar(50) NOT NULL PRIMARY KEY); args=None]
[2019-08-30 03:25:36,159][MainThread:140734838224320][task_id:django.db.backends][utils.py:91][DEBUG][(0.000) PRAGMA foreign_keys = 0; args=None]
[2019-08-30 03:27:45,763][MainThread:140734767814080][task_id:django.db.backends][utils.py:91][DEBUG][(0.002) 
            SELECT name, type FROM sqlite_master
            WHERE type in ('table', 'view') AND NOT name='sqlite_sequence'
            ORDER BY name; args=None]
[2019-08-30 03:27:45,768][MainThread:140734767814080][task_id:django.db.backends][utils.py:91][DEBUG][(0.000) SELECT "django_migrations"."app", "django_migrations"."name" FROM "django_migrations"; args=()]
[2019-08-30 03:27:50,520][MainThread:140734930150848][task_id:django.db.backends][utils.py:91][DEBUG][(0.001) 
            SELECT name, type FROM sqlite_master
            WHERE type in ('table', 'view') AND NOT name='sqlite_sequence'
            ORDER BY name; args=None]
[2019-08-30 03:27:50,522][MainThread:140734930150848][task_id:django.db.backends][utils.py:91][DEBUG][(0.000) SELECT "django_migrations"."app", "django_migrations"."name" FROM "django_migrations"; args=()]
[2019-08-30 03:27:50,522][MainThread:140734930150848][task_id:django.db.backends][utils.py:91][DEBUG][(0.000) 
            SELECT name, type FROM sqlite_master
            WHERE type in ('table', 'view') AND NOT name='sqlite_sequence'
            ORDER BY name; args=None]
[2019-08-30 03:27:50,523][MainThread:140734930150848][task_id:django.db.backends][utils.py:91][DEBUG][(0.000) SELECT "django_migrations"."app", "django_migrations"."name" FROM "django_migrations"; args=()]
[2019-08-30 03:27:50,565][MainThread:140734930150848][task_id:django.db.backends][utils.py:91][DEBUG][(0.000) PRAGMA foreign_keys; args=None]
[2019-08-30 03:27:50,566][MainThread:140734930150848][task_id:django.db.backends][utils.py:91][DEBUG][(0.000) PRAGMA foreign_keys = 0; args=None]
[2019-08-30 03:27:50,567][MainThread:140734930150848][task_id:django.db.backends][utils.py:91][DEBUG][(0.000) BEGIN; args=None]
[2019-08-30 03:27:50,575][MainThread:140734930150848][task_id:django.db.backends.schema][schema.py:111][DEBUG][CREATE TABLE "resources_idc" ("id" integer NOT NULL PRIMARY KEY AUTOINCREMENT, "name" varchar(32) NOT NULL, "address" varchar(256) NOT NULL, "phone" varchar(15) NOT NULL, "email" varchar(50) NOT NULL, "letter" varchar(5) NOT NULL); (params None)]
[2019-08-30 03:27:50,578][MainThread:140734930150848][task_id:django.db.backends][utils.py:91][DEBUG][(0.002) CREATE TABLE "resources_idc" ("id" integer NOT NULL PRIMARY KEY AUTOINCREMENT, "name" varchar(32) NOT NULL, "address" varchar(256) NOT NULL, "phone" varchar(15) NOT NULL, "email" varchar(50) NOT NULL, "letter" varchar(5) NOT NULL); args=None]
[2019-08-30 03:27:50,579][MainThread:140734930150848][task_id:django.db.backends][utils.py:91][DEBUG][(0.000) PRAGMA foreign_keys = 0; args=None]
[2019-08-30 03:27:50,580][MainThread:140734930150848][task_id:django.db.backends][utils.py:91][DEBUG][(0.000) 
            SELECT name, type FROM sqlite_master
            WHERE type in ('table', 'view') AND NOT name='sqlite_sequence'
            ORDER BY name; args=None]
[2019-08-30 03:27:50,580][MainThread:140734930150848][task_id:django.db.backends][utils.py:91][DEBUG][(0.000) BEGIN; args=None]
[2019-08-30 03:27:50,582][MainThread:140734930150848][task_id:django.db.backends][utils.py:91][DEBUG][(0.001) INSERT INTO "django_migrations" ("app", "name", "applied") VALUES ('idc', '0001_initial', '2019-08-30 03:27:50.580625'); args=['idc', '0001_initial', '2019-08-30 03:27:50.580625']]
[2019-08-30 03:27:50,588][MainThread:140734930150848][task_id:django.db.backends][utils.py:91][DEBUG][(0.000) 
            SELECT name, type FROM sqlite_master
            WHERE type in ('table', 'view') AND NOT name='sqlite_sequence'
            ORDER BY name; args=None]
[2019-08-30 03:27:50,594][MainThread:140734930150848][task_id:django.db.backends][utils.py:91][DEBUG][(0.000) SELECT "django_migrations"."app", "django_migrations"."name" FROM "django_migrations"; args=()]
[2019-08-30 03:27:50,601][MainThread:140734930150848][task_id:django.db.backends][utils.py:91][DEBUG][(0.001) SELECT "django_content_type"."id", "django_content_type"."app_label", "django_content_type"."model" FROM "django_content_type" WHERE ("django_content_type"."app_label" = 'admin' AND "django_content_type"."model" = 'logentry'); args=('admin', 'logentry')]
[2019-08-30 03:27:50,604][MainThread:140734930150848][task_id:django.db.backends][utils.py:91][DEBUG][(0.001) SELECT "auth_permission"."content_type_id", "auth_permission"."codename" FROM "auth_permission" INNER JOIN "django_content_type" ON ("auth_permission"."content_type_id" = "django_content_type"."id") WHERE "auth_permission"."content_type_id" IN (1) ORDER BY "django_content_type"."app_label" ASC, "django_content_type"."model" ASC, "auth_permission"."codename" ASC; args=(1,)]
[2019-08-30 03:27:50,605][MainThread:140734930150848][task_id:django.db.backends][utils.py:91][DEBUG][(0.000) SELECT "django_content_type"."id", "django_content_type"."app_label", "django_content_type"."model" FROM "django_content_type" WHERE "django_content_type"."app_label" = 'admin'; args=('admin',)]
[2019-08-30 03:27:50,606][MainThread:140734930150848][task_id:django.db.backends][utils.py:91][DEBUG][(0.000) SELECT "django_content_type"."id", "django_content_type"."app_label", "django_content_type"."model" FROM "django_content_type" WHERE ("django_content_type"."app_label" = 'auth' AND "django_content_type"."model" = 'permission'); args=('auth', 'permission')]
[2019-08-30 03:27:50,609][MainThread:140734930150848][task_id:django.db.backends][utils.py:91][DEBUG][(0.000) SELECT "django_content_type"."id", "django_content_type"."app_label", "django_content_type"."model" FROM "django_content_type" WHERE ("django_content_type"."app_label" = 'auth' AND "django_content_type"."model" = 'group'); args=('auth', 'group')]
[2019-08-30 03:27:50,621][MainThread:140734930150848][task_id:django.db.backends][utils.py:91][DEBUG][(0.000) SELECT "django_content_type"."id", "django_content_type"."app_label", "django_content_type"."model" FROM "django_content_type" WHERE ("django_content_type"."app_label" = 'auth' AND "django_content_type"."model" = 'user'); args=('auth', 'user')]
[2019-08-30 03:27:50,628][MainThread:140734930150848][task_id:django.db.backends][utils.py:91][DEBUG][(0.001) SELECT "auth_permission"."content_type_id", "auth_permission"."codename" FROM "auth_permission" INNER JOIN "django_content_type" ON ("auth_permission"."content_type_id" = "django_content_type"."id") WHERE "auth_permission"."content_type_id" IN (2, 3, 4) ORDER BY "django_content_type"."app_label" ASC, "django_content_type"."model" ASC, "auth_permission"."codename" ASC; args=(2, 3, 4)]
[2019-08-30 03:27:50,629][MainThread:140734930150848][task_id:django.db.backends][utils.py:91][DEBUG][(0.000) SELECT "django_content_type"."id", "django_content_type"."app_label", "django_content_type"."model" FROM "django_content_type" WHERE "django_content_type"."app_label" = 'auth'; args=('auth',)]
[2019-08-30 03:27:50,631][MainThread:140734930150848][task_id:django.db.backends][utils.py:91][DEBUG][(0.000) SELECT "django_content_type"."id", "django_content_type"."app_label", "django_content_type"."model" FROM "django_content_type" WHERE ("django_content_type"."app_label" = 'contenttypes' AND "django_content_type"."model" = 'contenttype'); args=('contenttypes', 'contenttype')]
[2019-08-30 03:27:50,637][MainThread:140734930150848][task_id:django.db.backends][utils.py:91][DEBUG][(0.001) SELECT "auth_permission"."content_type_id", "auth_permission"."codename" FROM "auth_permission" INNER JOIN "django_content_type" ON ("auth_permission"."content_type_id" = "django_content_type"."id") WHERE "auth_permission"."content_type_id" IN (5) ORDER BY "django_content_type"."app_label" ASC, "django_content_type"."model" ASC, "auth_permission"."codename" ASC; args=(5,)]
[2019-08-30 03:27:50,648][MainThread:140734930150848][task_id:django.db.backends][utils.py:91][DEBUG][(0.000) SELECT "django_content_type"."id", "django_content_type"."app_label", "django_content_type"."model" FROM "django_content_type" WHERE "django_content_type"."app_label" = 'contenttypes'; args=('contenttypes',)]
[2019-08-30 03:27:50,652][MainThread:140734930150848][task_id:django.db.backends][utils.py:91][DEBUG][(0.000) SELECT "django_content_type"."id", "django_content_type"."app_label", "django_content_type"."model" FROM "django_content_type" WHERE ("django_content_type"."app_label" = 'sessions' AND "django_content_type"."model" = 'session'); args=('sessions', 'session')]
[2019-08-30 03:27:50,656][MainThread:140734930150848][task_id:django.db.backends][utils.py:91][DEBUG][(0.000) SELECT "auth_permission"."content_type_id", "auth_permission"."codename" FROM "auth_permission" INNER JOIN "django_content_type" ON ("auth_permission"."content_type_id" = "django_content_type"."id") WHERE "auth_permission"."content_type_id" IN (6) ORDER BY "django_content_type"."app_label" ASC, "django_content_type"."model" ASC, "auth_permission"."codename" ASC; args=(6,)]
[2019-08-30 03:27:50,657][MainThread:140734930150848][task_id:django.db.backends][utils.py:91][DEBUG][(0.000) SELECT "django_content_type"."id", "django_content_type"."app_label", "django_content_type"."model" FROM "django_content_type" WHERE "django_content_type"."app_label" = 'sessions'; args=('sessions',)]
[2019-08-30 03:27:50,658][MainThread:140734930150848][task_id:django.db.backends][utils.py:91][DEBUG][(0.000) SELECT "django_content_type"."id", "django_content_type"."app_label", "django_content_type"."model" FROM "django_content_type" WHERE ("django_content_type"."app_label" = 'idc' AND "django_content_type"."model" = 'idc'); args=('idc', 'idc')]
[2019-08-30 03:27:50,659][MainThread:140734930150848][task_id:django.db.backends][utils.py:91][DEBUG][(0.000) SELECT "django_content_type"."id", "django_content_type"."app_label", "django_content_type"."model" FROM "django_content_type" WHERE ("django_content_type"."app_label" = 'idc' AND "django_content_type"."model" = 'idc'); args=('idc', 'idc')]
[2019-08-30 03:27:50,659][MainThread:140734930150848][task_id:django.db.backends][utils.py:91][DEBUG][(0.000) BEGIN; args=None]
[2019-08-30 03:27:50,660][MainThread:140734930150848][task_id:django.db.backends][utils.py:91][DEBUG][(0.000) INSERT INTO "django_content_type" ("app_label", "model") VALUES ('idc', 'idc'); args=['idc', 'idc']]
[2019-08-30 03:27:50,662][MainThread:140734930150848][task_id:django.db.backends][utils.py:91][DEBUG][(0.000) SELECT "auth_permission"."content_type_id", "auth_permission"."codename" FROM "auth_permission" INNER JOIN "django_content_type" ON ("auth_permission"."content_type_id" = "django_content_type"."id") WHERE "auth_permission"."content_type_id" IN (7) ORDER BY "django_content_type"."app_label" ASC, "django_content_type"."model" ASC, "auth_permission"."codename" ASC; args=(7,)]
[2019-08-30 03:27:50,663][MainThread:140734930150848][task_id:django.db.backends][utils.py:91][DEBUG][(0.000) BEGIN; args=None]
[2019-08-30 03:27:50,666][MainThread:140734930150848][task_id:django.db.backends][utils.py:91][DEBUG][(0.002) INSERT INTO "auth_permission" ("name", "content_type_id", "codename") SELECT 'Can add idc', 7, 'add_idc' UNION ALL SELECT 'Can change idc', 7, 'change_idc' UNION ALL SELECT 'Can delete idc', 7, 'delete_idc'; args=('Can add idc', 7, 'add_idc', 'Can change idc', 7, 'change_idc', 'Can delete idc', 7, 'delete_idc')]
[2019-08-30 03:27:50,668][MainThread:140734930150848][task_id:django.db.backends][utils.py:91][DEBUG][(0.000) SELECT "django_content_type"."id", "django_content_type"."app_label", "django_content_type"."model" FROM "django_content_type" WHERE "django_content_type"."app_label" = 'idc'; args=('idc',)]
[2019-08-30 05:53:30,473][MainThread:140734855341504][task_id:django.db.backends][utils.py:91][DEBUG][(0.002) BEGIN; args=None]
[2019-08-30 05:53:30,497][MainThread:140734855341504][task_id:django.db.backends][utils.py:91][DEBUG][(0.007) INSERT INTO "resources_idc" ("name", "address", "phone", "email", "letter") VALUES ('', '', '123456', '123@qq.com', 'local'); args=['', '', '123456', '123@qq.com', 'local']]
[2019-08-30 05:53:39,733][MainThread:140734855341504][task_id:django.db.backends][utils.py:91][DEBUG][(0.000) SELECT "resources_idc"."id", "resources_idc"."name", "resources_idc"."address", "resources_idc"."phone", "resources_idc"."email", "resources_idc"."letter" FROM "resources_idc" LIMIT 21; args=()]
[2019-08-30 05:53:39,870][Dummy-1:123145473302528][task_id:django.db.backends][utils.py:91][DEBUG][(0.015) SELECT "resources_idc"."id", "resources_idc"."name", "resources_idc"."address", "resources_idc"."phone", "resources_idc"."email", "resources_idc"."letter" FROM "resources_idc" LIMIT 21; args=()]
[2019-08-30 05:53:54,822][Dummy-1:123145473302528][task_id:django.db.backends][utils.py:91][DEBUG][(0.000) SELECT "resources_idc"."id", "resources_idc"."name", "resources_idc"."address", "resources_idc"."phone", "resources_idc"."email", "resources_idc"."letter" FROM "resources_idc" LIMIT 21; args=()]
[2019-08-30 05:54:06,686][Dummy-1:123145473302528][task_id:django.db.backends][utils.py:91][DEBUG][(0.000) SELECT "resources_idc"."id", "resources_idc"."name", "resources_idc"."address", "resources_idc"."phone", "resources_idc"."email", "resources_idc"."letter" FROM "resources_idc" LIMIT 21; args=()]
[2019-08-30 05:54:21,507][Dummy-1:123145473302528][task_id:django.db.backends][utils.py:91][DEBUG][(0.002) SELECT "resources_idc"."id", "resources_idc"."name", "resources_idc"."address", "resources_idc"."phone", "resources_idc"."email", "resources_idc"."letter" FROM "resources_idc" LIMIT 21; args=()]
[2019-08-30 05:54:37,415][Dummy-1:123145473302528][task_id:django.db.backends][utils.py:91][DEBUG][(0.001) SELECT "resources_idc"."id", "resources_idc"."name", "resources_idc"."address", "resources_idc"."phone", "resources_idc"."email", "resources_idc"."letter" FROM "resources_idc" LIMIT 21; args=()]
[2019-08-30 05:54:54,127][Dummy-1:123145473302528][task_id:django.db.backends][utils.py:91][DEBUG][(0.000) SELECT "resources_idc"."id", "resources_idc"."name", "resources_idc"."address", "resources_idc"."phone", "resources_idc"."email", "resources_idc"."letter" FROM "resources_idc" LIMIT 21; args=()]
[2019-08-30 05:55:08,384][Dummy-1:123145473302528][task_id:django.db.backends][utils.py:91][DEBUG][(0.000) SELECT "resources_idc"."id", "resources_idc"."name", "resources_idc"."address", "resources_idc"."phone", "resources_idc"."email", "resources_idc"."letter" FROM "resources_idc" LIMIT 21; args=()]
[2019-08-30 05:55:13,001][MainThread:140734855341504][task_id:django.db.backends][utils.py:91][DEBUG][(0.000) BEGIN; args=None]
[2019-08-30 05:55:13,011][MainThread:140734855341504][task_id:django.db.backends][utils.py:91][DEBUG][(0.009) INSERT INTO "resources_idc" ("name", "address", "phone", "email", "letter") VALUES ('', '', '67890', '67890@qq.com', 'js'); args=['', '', '67890', '67890@qq.com', 'js']]
[2019-08-30 05:55:13,108][Dummy-1:123145473302528][task_id:django.db.backends][utils.py:91][DEBUG][(0.000) SELECT "resources_idc"."id", "resources_idc"."name", "resources_idc"."address", "resources_idc"."phone", "resources_idc"."email", "resources_idc"."letter" FROM "resources_idc" LIMIT 21; args=()]
[2019-08-30 05:55:18,396][MainThread:140734855341504][task_id:django.db.backends][utils.py:91][DEBUG][(0.000) SELECT "resources_idc"."id", "resources_idc"."name", "resources_idc"."address", "resources_idc"."phone", "resources_idc"."email", "resources_idc"."letter" FROM "resources_idc" LIMIT 21; args=()]
[2019-08-30 05:55:18,483][Dummy-1:123145473302528][task_id:django.db.backends][utils.py:91][DEBUG][(0.000) SELECT "resources_idc"."id", "resources_idc"."name", "resources_idc"."address", "resources_idc"."phone", "resources_idc"."email", "resources_idc"."letter" FROM "resources_idc" LIMIT 21; args=()]
[2019-08-30 05:56:23,701][Dummy-1:123145473302528][task_id:django.db.backends][utils.py:91][DEBUG][(0.001) SELECT "resources_idc"."id", "resources_idc"."name", "resources_idc"."address", "resources_idc"."phone", "resources_idc"."email", "resources_idc"."letter" FROM "resources_idc" LIMIT 21; args=()]
[2019-08-30 05:56:40,989][MainThread:140734855341504][task_id:django.db.backends][utils.py:91][DEBUG][(0.013) SELECT "resources_idc"."id", "resources_idc"."name", "resources_idc"."address", "resources_idc"."phone", "resources_idc"."email", "resources_idc"."letter" FROM "resources_idc" WHERE "resources_idc"."id" = 1; args=(1,)]
[2019-08-30 05:56:41,095][Dummy-1:123145473302528][task_id:django.db.backends][utils.py:91][DEBUG][(0.000) SELECT "resources_idc"."id", "resources_idc"."name", "resources_idc"."address", "resources_idc"."phone", "resources_idc"."email", "resources_idc"."letter" FROM "resources_idc" LIMIT 21; args=()]
[2019-08-30 06:23:07,106][MainThread:140734855341504][task_id:django.db.backends][utils.py:91][DEBUG][(0.002) BEGIN; args=None]
[2019-08-30 06:23:34,135][MainThread:140734855341504][task_id:django.db.backends][utils.py:91][DEBUG][(0.000) BEGIN; args=None]
[2019-08-30 06:23:34,159][MainThread:140734855341504][task_id:django.db.backends][utils.py:91][DEBUG][(0.007) UPDATE "resources_idc" SET "name" = '', "address" = '', "phone" = '123456', "email" = '123@qq.com', "letter" = 'local' WHERE "resources_idc"."id" = 1; args=('', '', '123456', '123@qq.com', 'local', 1)]
[2019-08-30 07:04:53,468][MainThread:140734740796864][task_id:django.db.backends][utils.py:91][DEBUG][(0.005) SELECT "resources_idc"."id", "resources_idc"."name", "resources_idc"."address", "resources_idc"."phone", "resources_idc"."email", "resources_idc"."letter" FROM "resources_idc" WHERE "resources_idc"."id" = 1; args=(1,)]
[2019-08-30 07:07:17,856][MainThread:140734740796864][task_id:django.db.backends][utils.py:91][DEBUG][(0.000) BEGIN; args=None]
[2019-08-30 07:07:17,868][MainThread:140734740796864][task_id:django.db.backends][utils.py:91][DEBUG][(0.004) INSERT INTO "resources_idc" ("name", "address", "phone", "email", "letter") VALUES ('', '', '123456', '123@qq.com', 'local'); args=['', '', '123456', '123@qq.com', 'local']]
[2019-08-30 08:29:33,373][MainThread:140734740796864][task_id:django.db.backends][utils.py:91][DEBUG][(0.002) SELECT "resources_idc"."id", "resources_idc"."name", "resources_idc"."address", "resources_idc"."phone", "resources_idc"."email", "resources_idc"."letter" FROM "resources_idc" LIMIT 21; args=()]
[2019-08-30 08:29:33,565][Dummy-1:123145467219968][task_id:django.db.backends][utils.py:91][DEBUG][(0.014) SELECT "resources_idc"."id", "resources_idc"."name", "resources_idc"."address", "resources_idc"."phone", "resources_idc"."email", "resources_idc"."letter" FROM "resources_idc" LIMIT 21; args=()]
[2019-08-30 08:30:38,263][MainThread:140734740796864][task_id:django.db.backends][utils.py:91][DEBUG][(0.000) BEGIN; args=None]
[2019-08-30 08:30:38,269][MainThread:140734740796864][task_id:django.db.backends][utils.py:91][DEBUG][(0.002) INSERT INTO "resources_idc" ("name", "address", "phone", "email", "letter") VALUES ('', '', '123456', '123@qq.com', 'local'); args=['', '', '123456', '123@qq.com', 'local']]
[2019-08-30 08:30:45,286][MainThread:140734740796864][task_id:django.db.backends][utils.py:91][DEBUG][(0.000) SELECT "resources_idc"."id", "resources_idc"."name", "resources_idc"."address", "resources_idc"."phone", "resources_idc"."email", "resources_idc"."letter" FROM "resources_idc" LIMIT 21; args=()]
[2019-08-30 08:30:45,372][Dummy-1:123145467219968][task_id:django.db.backends][utils.py:91][DEBUG][(0.001) SELECT "resources_idc"."id", "resources_idc"."name", "resources_idc"."address", "resources_idc"."phone", "resources_idc"."email", "resources_idc"."letter" FROM "resources_idc" LIMIT 21; args=()]
[2019-08-30 08:31:36,903][Dummy-1:123145467219968][task_id:django.db.backends][utils.py:91][DEBUG][(0.000) SELECT "resources_idc"."id", "resources_idc"."name", "resources_idc"."address", "resources_idc"."phone", "resources_idc"."email", "resources_idc"."letter" FROM "resources_idc" LIMIT 21; args=()]
[2019-08-30 08:31:41,549][Dummy-1:123145467219968][task_id:django.db.backends][utils.py:91][DEBUG][(0.000) SELECT "resources_idc"."id", "resources_idc"."name", "resources_idc"."address", "resources_idc"."phone", "resources_idc"."email", "resources_idc"."letter" FROM "resources_idc" LIMIT 21; args=()]
[2019-08-30 08:31:41,553][Dummy-1:123145467219968][task_id:django.db.backends][utils.py:91][DEBUG][(0.000) SELECT "resources_idc"."id", "resources_idc"."name", "resources_idc"."address", "resources_idc"."phone", "resources_idc"."email", "resources_idc"."letter" FROM "resources_idc" LIMIT 21; args=()]
[2019-08-30 08:31:43,140][MainThread:140734740796864][task_id:django.db.backends][utils.py:91][DEBUG][(0.000) SELECT "resources_idc"."id", "resources_idc"."name", "resources_idc"."address", "resources_idc"."phone", "resources_idc"."email", "resources_idc"."letter" FROM "resources_idc" LIMIT 21; args=()]
[2019-08-30 08:31:43,238][Dummy-1:123145467219968][task_id:django.db.backends][utils.py:91][DEBUG][(0.000) SELECT "resources_idc"."id", "resources_idc"."name", "resources_idc"."address", "resources_idc"."phone", "resources_idc"."email", "resources_idc"."letter" FROM "resources_idc" LIMIT 21; args=()]
[2019-08-30 08:31:43,242][Dummy-1:123145467219968][task_id:django.db.backends][utils.py:91][DEBUG][(0.000) SELECT "resources_idc"."id", "resources_idc"."name", "resources_idc"."address", "resources_idc"."phone", "resources_idc"."email", "resources_idc"."letter" FROM "resources_idc" LIMIT 21; args=()]
[2019-08-30 08:32:25,783][Dummy-1:123145467219968][task_id:django.db.backends][utils.py:91][DEBUG][(0.000) SELECT "resources_idc"."id", "resources_idc"."name", "resources_idc"."address", "resources_idc"."phone", "resources_idc"."email", "resources_idc"."letter" FROM "resources_idc" LIMIT 21; args=()]
[2019-08-30 08:32:25,808][Dummy-1:123145467219968][task_id:django.db.backends][utils.py:91][DEBUG][(0.000) SELECT "resources_idc"."id", "resources_idc"."name", "resources_idc"."address", "resources_idc"."phone", "resources_idc"."email", "resources_idc"."letter" FROM "resources_idc" LIMIT 21; args=()]
[2019-08-30 08:32:32,498][Dummy-1:123145467219968][task_id:django.db.backends][utils.py:91][DEBUG][(0.000) SELECT "resources_idc"."id", "resources_idc"."name", "resources_idc"."address", "resources_idc"."phone", "resources_idc"."email", "resources_idc"."letter" FROM "resources_idc" LIMIT 21; args=()]
[2019-08-30 08:32:32,516][Dummy-1:123145467219968][task_id:django.db.backends][utils.py:91][DEBUG][(0.000) SELECT "resources_idc"."id", "resources_idc"."name", "resources_idc"."address", "resources_idc"."phone", "resources_idc"."email", "resources_idc"."letter" FROM "resources_idc" LIMIT 21; args=()]
[2019-08-30 08:32:49,415][Dummy-1:123145467219968][task_id:django.db.backends][utils.py:91][DEBUG][(0.000) SELECT "resources_idc"."id", "resources_idc"."name", "resources_idc"."address", "resources_idc"."phone", "resources_idc"."email", "resources_idc"."letter" FROM "resources_idc" LIMIT 21; args=()]
[2019-08-30 08:32:49,428][Dummy-1:123145467219968][task_id:django.db.backends][utils.py:91][DEBUG][(0.000) SELECT "resources_idc"."id", "resources_idc"."name", "resources_idc"."address", "resources_idc"."phone", "resources_idc"."email", "resources_idc"."letter" FROM "resources_idc" LIMIT 21; args=()]
[2019-08-30 08:33:08,679][MainThread:140734740796864][task_id:django.db.backends][utils.py:91][DEBUG][(0.000) SELECT "resources_idc"."id", "resources_idc"."name", "resources_idc"."address", "resources_idc"."phone", "resources_idc"."email", "resources_idc"."letter" FROM "resources_idc"; args=()]
[2019-08-30 08:39:17,845][Dummy-1:123145467219968][task_id:django.db.backends][utils.py:91][DEBUG][(0.000) SELECT "resources_idc"."id", "resources_idc"."name", "resources_idc"."address", "resources_idc"."phone", "resources_idc"."email", "resources_idc"."letter" FROM "resources_idc" LIMIT 21; args=()]
[2019-08-30 10:22:01,644][Dummy-1:123145467219968][task_id:django.db.backends][utils.py:91][DEBUG][(0.010) SELECT "resources_idc"."id", "resources_idc"."name", "resources_idc"."address", "resources_idc"."phone", "resources_idc"."email", "resources_idc"."letter" FROM "resources_idc" LIMIT 21; args=()]
[2019-08-30 10:22:26,615][Dummy-1:123145467219968][task_id:django.db.backends][utils.py:91][DEBUG][(0.000) SELECT "resources_idc"."id", "resources_idc"."name", "resources_idc"."address", "resources_idc"."phone", "resources_idc"."email", "resources_idc"."letter" FROM "resources_idc" LIMIT 21; args=()]
[2019-08-30 10:22:29,247][Dummy-1:123145467219968][task_id:django.db.backends][utils.py:91][DEBUG][(0.000) SELECT "resources_idc"."id", "resources_idc"."name", "resources_idc"."address", "resources_idc"."phone", "resources_idc"."email", "resources_idc"."letter" FROM "resources_idc" LIMIT 21; args=()]
[2019-08-30 10:22:56,921][Dummy-1:123145467219968][task_id:django.db.backends][utils.py:91][DEBUG][(0.000) SELECT "resources_idc"."id", "resources_idc"."name", "resources_idc"."address", "resources_idc"."phone", "resources_idc"."email", "resources_idc"."letter" FROM "resources_idc" LIMIT 21; args=()]
[2019-08-30 10:22:58,281][Dummy-1:123145467219968][task_id:django.db.backends][utils.py:91][DEBUG][(0.000) SELECT "resources_idc"."id", "resources_idc"."name", "resources_idc"."address", "resources_idc"."phone", "resources_idc"."email", "resources_idc"."letter" FROM "resources_idc" LIMIT 21; args=()]
[2019-08-30 10:23:36,362][Dummy-1:123145467219968][task_id:django.db.backends][utils.py:91][DEBUG][(0.000) SELECT "resources_idc"."id", "resources_idc"."name", "resources_idc"."address", "resources_idc"."phone", "resources_idc"."email", "resources_idc"."letter" FROM "resources_idc" LIMIT 21; args=()]
[2019-08-30 10:23:36,391][Dummy-1:123145467219968][task_id:django.db.backends][utils.py:91][DEBUG][(0.000) SELECT "resources_idc"."id", "resources_idc"."name", "resources_idc"."address", "resources_idc"."phone", "resources_idc"."email", "resources_idc"."letter" FROM "resources_idc" LIMIT 21; args=()]
[2019-08-30 10:23:40,391][Dummy-1:123145467219968][task_id:django.db.backends][utils.py:91][DEBUG][(0.000) SELECT "resources_idc"."id", "resources_idc"."name", "resources_idc"."address", "resources_idc"."phone", "resources_idc"."email", "resources_idc"."letter" FROM "resources_idc" LIMIT 21; args=()]
[2019-08-30 10:23:40,402][Dummy-1:123145467219968][task_id:django.db.backends][utils.py:91][DEBUG][(0.000) SELECT "resources_idc"."id", "resources_idc"."name", "resources_idc"."address", "resources_idc"."phone", "resources_idc"."email", "resources_idc"."letter" FROM "resources_idc" LIMIT 21; args=()]
[2019-08-30 10:23:54,089][MainThread:140734740796864][task_id:django.db.backends][utils.py:91][DEBUG][(0.000) SELECT "resources_idc"."id", "resources_idc"."name", "resources_idc"."address", "resources_idc"."phone", "resources_idc"."email", "resources_idc"."letter" FROM "resources_idc"; args=()]
[2019-08-30 10:23:54,228][Dummy-1:123145467219968][task_id:django.db.backends][utils.py:91][DEBUG][(0.001) SELECT "resources_idc"."id", "resources_idc"."name", "resources_idc"."address", "resources_idc"."phone", "resources_idc"."email", "resources_idc"."letter" FROM "resources_idc" LIMIT 21; args=()]
[2019-08-30 10:24:04,261][Dummy-1:123145467219968][task_id:django.db.backends][utils.py:91][DEBUG][(0.000) SELECT "resources_idc"."id", "resources_idc"."name", "resources_idc"."address", "resources_idc"."phone", "resources_idc"."email", "resources_idc"."letter" FROM "resources_idc" LIMIT 21; args=()]
[2019-08-30 10:24:12,100][Dummy-1:123145467219968][task_id:django.db.backends][utils.py:91][DEBUG][(0.000) SELECT "resources_idc"."id", "resources_idc"."name", "resources_idc"."address", "resources_idc"."phone", "resources_idc"."email", "resources_idc"."letter" FROM "resources_idc" LIMIT 21; args=()]
[2019-08-30 10:24:19,768][Dummy-1:123145467219968][task_id:django.db.backends][utils.py:91][DEBUG][(0.000) SELECT "resources_idc"."id", "resources_idc"."name", "resources_idc"."address", "resources_idc"."phone", "resources_idc"."email", "resources_idc"."letter" FROM "resources_idc" LIMIT 21; args=()]
[2019-08-30 10:24:26,130][Dummy-1:123145467219968][task_id:django.db.backends][utils.py:91][DEBUG][(0.000) SELECT "resources_idc"."id", "resources_idc"."name", "resources_idc"."address", "resources_idc"."phone", "resources_idc"."email", "resources_idc"."letter" FROM "resources_idc" LIMIT 21; args=()]
